# JRE version: Java(TM) SE Runtime Environment (19.0.1+10) (build 19.0.1+10-21)
# Java VM: Java HotSpot(TM) 64-Bit Server VM (19.0.1+10-21, mixed mode, sharing, tiered, compressed oops, compressed class ptrs, g1 gc, windows-amd64)
GC Precious Log:
 CardTable entry size: 512
 Card Set container configuration: InlinePtr #cards 5 size 8 Array Of Cards #cards 12 size 40 Howl #buckets 4 coarsen threshold 1843 Howl Bitmap #cards 512 size 80 coarsen threshold 460 Card regions per heap region 1 cards per card region 2048
 CPUs: 8 total, 8 available
 Memory: 8066M
 Large Page Support: Disabled
 NUMA Support: Disabled
 Compressed Oops: Enabled (32-bit)
 Heap Region Size: 1M
 Heap Min Capacity: 8M
 Heap Initial Capacity: 128M
 Heap Max Capacity: 2018M
 Pre-touch: Disabled
 Parallel Workers: 8
 Concurrent Workers: 2
 Concurrent Refinement Workers: 8
 Periodic GC: Disabled
Heap:
 garbage-first heap   total 131072K, used 59186K [0x0000000081e00000, 0x0000000100000000)
  region size 1024K, 42 young (43008K), 5 survivors (5120K)
 Metaspace       used 8917K, committed 9152K, reserved 1114112K
  class space    used 899K, committed 1024K, reserved 1048576K
GC Heap History (14 events):
Event: 1.364 GC heap before
{Heap before GC invocations=0 (full 0):
 garbage-first heap   total 131072K, used 24576K [0x0000000081e00000, 0x0000000100000000)
  region size 1024K, 23 young (23552K), 0 survivors (0K)
 Metaspace       used 7971K, committed 8192K, reserved 1114112K
  class space    used 869K, committed 960K, reserved 1048576K
}
Event: 1.371 GC heap after
{Heap after GC invocations=1 (full 0):
 garbage-first heap   total 131072K, used 6094K [0x0000000081e00000, 0x0000000100000000)
  region size 1024K, 3 young (3072K), 3 survivors (3072K)
 Metaspace       used 7971K, committed 8192K, reserved 1114112K
  class space    used 869K, committed 960K, reserved 1048576K
}
Event: 2.024 GC heap before
{Heap before GC invocations=1 (full 0):
 garbage-first heap   total 131072K, used 39886K [0x0000000081e00000, 0x0000000100000000)
  region size 1024K, 34 young (34816K), 3 survivors (3072K)
 Metaspace       used 8233K, committed 8512K, reserved 1114112K
  class space    used 888K, committed 1024K, reserved 1048576K
}
Event: 2.028 GC heap after
{Heap after GC invocations=2 (full 0):
 garbage-first heap   total 131072K, used 10794K [0x0000000081e00000, 0x0000000100000000)
  region size 1024K, 2 young (2048K), 2 survivors (2048K)
 Metaspace       used 8233K, committed 8512K, reserved 1114112K
  class space    used 888K, committed 1024K, reserved 1048576K
}
Event: 4.303 GC heap before
{Heap before GC invocations=2 (full 0):
 garbage-first heap   total 131072K, used 86570K [0x0000000081e00000, 0x0000000100000000)
  region size 1024K, 76 young (77824K), 2 survivors (2048K)
 Metaspace       used 8555K, committed 8768K, reserved 1114112K
  class space    used 888K, committed 1024K, reserved 1048576K
}
Event: 4.305 GC heap after
{Heap after GC invocations=3 (full 0):
 garbage-first heap   total 131072K, used 10794K [0x0000000081e00000, 0x0000000100000000)
  region size 1024K, 2 young (2048K), 2 survivors (2048K)
 Metaspace       used 8555K, committed 8768K, reserved 1114112K
  class space    used 888K, committed 1024K, reserved 1048576K
}
Event: 6.872 GC heap before
{Heap before GC invocations=3 (full 0):
 garbage-first heap   total 131072K, used 86570K [0x0000000081e00000, 0x0000000100000000)
  region size 1024K, 76 young (77824K), 2 survivors (2048K)
 Metaspace       used 8720K, committed 9024K, reserved 1114112K
  class space    used 889K, committed 1024K, reserved 1048576K
}
Event: 6.873 GC heap after
{Heap after GC invocations=4 (full 0):
 garbage-first heap   total 131072K, used 10794K [0x0000000081e00000, 0x0000000100000000)
  region size 1024K, 2 young (2048K), 2 survivors (2048K)
 Metaspace       used 8720K, committed 9024K, reserved 1114112K
  class space    used 889K, committed 1024K, reserved 1048576K
}
Event: 9.894 GC heap before
{Heap before GC invocations=4 (full 0):
 garbage-first heap   total 131072K, used 90666K [0x0000000081e00000, 0x0000000100000000)
  region size 1024K, 76 young (77824K), 2 survivors (2048K)
 Metaspace       used 8813K, committed 9088K, reserved 1114112K
  class space    used 897K, committed 1024K, reserved 1048576K
}
Event: 9.897 GC heap after
{Heap after GC invocations=5 (full 0):
 garbage-first heap   total 131072K, used 17962K [0x0000000081e00000, 0x0000000100000000)
  region size 1024K, 4 young (4096K), 4 survivors (4096K)
 Metaspace       used 8813K, committed 9088K, reserved 1114112K
  class space    used 897K, committed 1024K, reserved 1048576K
}
Event: 25.752 GC heap before
{Heap before GC invocations=5 (full 0):
 garbage-first heap   total 131072K, used 91690K [0x0000000081e00000, 0x0000000100000000)
  region size 1024K, 76 young (77824K), 4 survivors (4096K)
 Metaspace       used 8858K, committed 9152K, reserved 1114112K
  class space    used 899K, committed 1024K, reserved 1048576K
}
Event: 25.755 GC heap after
{Heap after GC invocations=6 (full 0):
 garbage-first heap   total 131072K, used 16938K [0x0000000081e00000, 0x0000000100000000)
  region size 1024K, 4 young (4096K), 4 survivors (4096K)
 Metaspace       used 8858K, committed 9152K, reserved 1114112K
  class space    used 899K, committed 1024K, reserved 1048576K
}
Event: 28.695 GC heap before
{Heap before GC invocations=6 (full 0):
 garbage-first heap   total 131072K, used 94762K [0x0000000081e00000, 0x0000000100000000)
  region size 1024K, 76 young (77824K), 4 survivors (4096K)
 Metaspace       used 8897K, committed 9152K, reserved 1114112K
  class space    used 899K, committed 1024K, reserved 1048576K
}
Event: 28.698 GC heap after
{Heap after GC invocations=7 (full 0):
 garbage-first heap   total 131072K, used 22322K [0x0000000081e00000, 0x0000000100000000)
  region size 1024K, 5 young (5120K), 5 survivors (5120K)
 Metaspace       used 8897K, committed 9152K, reserved 1114112K
  class space    used 899K, committed 1024K, reserved 1048576K
}

