# JRE version: Java(TM) SE Runtime Environment (19.0.1+10) (build 19.0.1+10-21)
# Java VM: Java HotSpot(TM) 64-Bit Server VM (19.0.1+10-21, mixed mode, sharing, tiered, compressed oops, compressed class ptrs, g1 gc, windows-amd64)
GC Precious Log:
 CardTable entry size: 512
 Card Set container configuration: InlinePtr #cards 5 size 8 Array Of Cards #cards 12 size 40 Howl #buckets 4 coarsen threshold 1843 Howl Bitmap #cards 512 size 80 coarsen threshold 460 Card regions per heap region 1 cards per card region 2048
 CPUs: 8 total, 8 available
 Memory: 8066M
 Large Page Support: Disabled
 NUMA Support: Disabled
 Compressed Oops: Enabled (32-bit)
 Heap Region Size: 1M
 Heap Min Capacity: 8M
 Heap Initial Capacity: 128M
 Heap Max Capacity: 2018M
 Pre-touch: Disabled
 Parallel Workers: 8
 Concurrent Workers: 2
 Concurrent Refinement Workers: 8
 Periodic GC: Disabled
Heap:
 garbage-first heap   total 131072K, used 35580K [0x0000000081e00000, 0x0000000100000000)
  region size 1024K, 19 young (19456K), 5 survivors (5120K)
 Metaspace       used 9003K, committed 9216K, reserved 1114112K
  class space    used 905K, committed 1024K, reserved 1048576K
GC Heap History (18 events):
Event: 1.292 GC heap before
{Heap before GC invocations=0 (full 0):
 garbage-first heap   total 131072K, used 24576K [0x0000000081e00000, 0x0000000100000000)
  region size 1024K, 23 young (23552K), 0 survivors (0K)
 Metaspace       used 7963K, committed 8192K, reserved 1114112K
  class space    used 868K, committed 960K, reserved 1048576K
}
Event: 1.297 GC heap after
{Heap after GC invocations=1 (full 0):
 garbage-first heap   total 131072K, used 5787K [0x0000000081e00000, 0x0000000100000000)
  region size 1024K, 3 young (3072K), 3 survivors (3072K)
 Metaspace       used 7963K, committed 8192K, reserved 1114112K
  class space    used 868K, committed 960K, reserved 1048576K
}
Event: 1.952 GC heap before
{Heap before GC invocations=1 (full 0):
 garbage-first heap   total 131072K, used 40603K [0x0000000081e00000, 0x0000000100000000)
  region size 1024K, 35 young (35840K), 3 survivors (3072K)
 Metaspace       used 8201K, committed 8512K, reserved 1114112K
  class space    used 890K, committed 1024K, reserved 1048576K
}
Event: 1.961 GC heap after
{Heap after GC invocations=2 (full 0):
 garbage-first heap   total 131072K, used 10848K [0x0000000081e00000, 0x0000000100000000)
  region size 1024K, 2 young (2048K), 2 survivors (2048K)
 Metaspace       used 8201K, committed 8512K, reserved 1114112K
  class space    used 890K, committed 1024K, reserved 1048576K
}
Event: 4.787 GC heap before
{Heap before GC invocations=2 (full 0):
 garbage-first heap   total 131072K, used 86624K [0x0000000081e00000, 0x0000000100000000)
  region size 1024K, 76 young (77824K), 2 survivors (2048K)
 Metaspace       used 8556K, committed 8768K, reserved 1114112K
  class space    used 896K, committed 1024K, reserved 1048576K
}
Event: 4.789 GC heap after
{Heap after GC invocations=3 (full 0):
 garbage-first heap   total 131072K, used 10620K [0x0000000081e00000, 0x0000000100000000)
  region size 1024K, 2 young (2048K), 2 survivors (2048K)
 Metaspace       used 8556K, committed 8768K, reserved 1114112K
  class space    used 896K, committed 1024K, reserved 1048576K
}
Event: 8.299 GC heap before
{Heap before GC invocations=3 (full 0):
 garbage-first heap   total 131072K, used 86396K [0x0000000081e00000, 0x0000000100000000)
  region size 1024K, 76 young (77824K), 2 survivors (2048K)
 Metaspace       used 8786K, committed 9088K, reserved 1114112K
  class space    used 896K, committed 1024K, reserved 1048576K
}
Event: 8.301 GC heap after
{Heap after GC invocations=4 (full 0):
 garbage-first heap   total 131072K, used 10673K [0x0000000081e00000, 0x0000000100000000)
  region size 1024K, 2 young (2048K), 2 survivors (2048K)
 Metaspace       used 8786K, committed 9088K, reserved 1114112K
  class space    used 896K, committed 1024K, reserved 1048576K
}
Event: 12.119 GC heap before
{Heap before GC invocations=4 (full 0):
 garbage-first heap   total 131072K, used 86449K [0x0000000081e00000, 0x0000000100000000)
  region size 1024K, 76 young (77824K), 2 survivors (2048K)
 Metaspace       used 8840K, committed 9088K, reserved 1114112K
  class space    used 897K, committed 1024K, reserved 1048576K
}
Event: 12.121 GC heap after
{Heap after GC invocations=5 (full 0):
 garbage-first heap   total 131072K, used 10657K [0x0000000081e00000, 0x0000000100000000)
  region size 1024K, 2 young (2048K), 2 survivors (2048K)
 Metaspace       used 8840K, committed 9088K, reserved 1114112K
  class space    used 897K, committed 1024K, reserved 1048576K
}
Event: 16.192 GC heap before
{Heap before GC invocations=5 (full 0):
 garbage-first heap   total 131072K, used 87457K [0x0000000081e00000, 0x0000000100000000)
  region size 1024K, 76 young (77824K), 2 survivors (2048K)
 Metaspace       used 8917K, committed 9152K, reserved 1114112K
  class space    used 901K, committed 1024K, reserved 1048576K
}
Event: 16.194 GC heap after
{Heap after GC invocations=6 (full 0):
 garbage-first heap   total 131072K, used 13117K [0x0000000081e00000, 0x0000000100000000)
  region size 1024K, 3 young (3072K), 3 survivors (3072K)
 Metaspace       used 8917K, committed 9152K, reserved 1114112K
  class space    used 901K, committed 1024K, reserved 1048576K
}
Event: 19.981 GC heap before
{Heap before GC invocations=6 (full 0):
 garbage-first heap   total 131072K, used 89917K [0x0000000081e00000, 0x0000000100000000)
  region size 1024K, 76 young (77824K), 3 survivors (3072K)
 Metaspace       used 8978K, committed 9216K, reserved 1114112K
  class space    used 905K, committed 1024K, reserved 1048576K
}
Event: 19.984 GC heap after
{Heap after GC invocations=7 (full 0):
 garbage-first heap   total 131072K, used 17751K [0x0000000081e00000, 0x0000000100000000)
  region size 1024K, 4 young (4096K), 4 survivors (4096K)
 Metaspace       used 8978K, committed 9216K, reserved 1114112K
  class space    used 905K, committed 1024K, reserved 1048576K
}
Event: 23.381 GC heap before
{Heap before GC invocations=7 (full 0):
 garbage-first heap   total 131072K, used 91479K [0x0000000081e00000, 0x0000000100000000)
  region size 1024K, 76 young (77824K), 4 survivors (4096K)
 Metaspace       used 8979K, committed 9216K, reserved 1114112K
  class space    used 905K, committed 1024K, reserved 1048576K
}
Event: 23.387 GC heap after
{Heap after GC invocations=8 (full 0):
 garbage-first heap   total 131072K, used 16875K [0x0000000081e00000, 0x0000000100000000)
  region size 1024K, 4 young (4096K), 4 survivors (4096K)
 Metaspace       used 8979K, committed 9216K, reserved 1114112K
  class space    used 905K, committed 1024K, reserved 1048576K
}
Event: 38.907 GC heap before
{Heap before GC invocations=8 (full 0):
 garbage-first heap   total 131072K, used 94699K [0x0000000081e00000, 0x0000000100000000)
  region size 1024K, 76 young (77824K), 4 survivors (4096K)
 Metaspace       used 9001K, committed 9216K, reserved 1114112K
  class space    used 905K, committed 1024K, reserved 1048576K
}
Event: 38.910 GC heap after
{Heap after GC invocations=9 (full 0):
 garbage-first heap   total 131072K, used 22268K [0x0000000081e00000, 0x0000000100000000)
  region size 1024K, 5 young (5120K), 5 survivors (5120K)
 Metaspace       used 9001K, committed 9216K, reserved 1114112K
  class space    used 905K, committed 1024K, reserved 1048576K
}

