# JRE version: Java(TM) SE Runtime Environment (19.0.1+10) (build 19.0.1+10-21)
# Java VM: Java HotSpot(TM) 64-Bit Server VM (19.0.1+10-21, mixed mode, sharing, tiered, compressed oops, compressed class ptrs, g1 gc, windows-amd64)
GC Precious Log:
 CardTable entry size: 512
 Card Set container configuration: InlinePtr #cards 5 size 8 Array Of Cards #cards 12 size 40 Howl #buckets 4 coarsen threshold 1843 Howl Bitmap #cards 512 size 80 coarsen threshold 460 Card regions per heap region 1 cards per card region 2048
 CPUs: 8 total, 8 available
 Memory: 8066M
 Large Page Support: Disabled
 NUMA Support: Disabled
 Compressed Oops: Enabled (32-bit)
 Heap Region Size: 1M
 Heap Min Capacity: 8M
 Heap Initial Capacity: 128M
 Heap Max Capacity: 2018M
 Pre-touch: Disabled
 Parallel Workers: 8
 Concurrent Workers: 2
 Concurrent Refinement Workers: 8
 Periodic GC: Disabled
Heap:
 garbage-first heap   total 131072K, used 53871K [0x0000000081e00000, 0x0000000100000000)
  region size 1024K, 37 young (37888K), 5 survivors (5120K)
 Metaspace       used 8892K, committed 9152K, reserved 1114112K
  class space    used 902K, committed 1024K, reserved 1048576K
GC Heap History (18 events):
Event: 1.368 GC heap before
{Heap before GC invocations=0 (full 0):
 garbage-first heap   total 131072K, used 24576K [0x0000000081e00000, 0x0000000100000000)
  region size 1024K, 23 young (23552K), 0 survivors (0K)
 Metaspace       used 7997K, committed 8256K, reserved 1114112K
  class space    used 874K, committed 960K, reserved 1048576K
}
Event: 1.373 GC heap after
{Heap after GC invocations=1 (full 0):
 garbage-first heap   total 131072K, used 5773K [0x0000000081e00000, 0x0000000100000000)
  region size 1024K, 3 young (3072K), 3 survivors (3072K)
 Metaspace       used 7997K, committed 8256K, reserved 1114112K
  class space    used 874K, committed 960K, reserved 1048576K
}
Event: 2.042 GC heap before
{Heap before GC invocations=1 (full 0):
 garbage-first heap   total 131072K, used 39565K [0x0000000081e00000, 0x0000000100000000)
  region size 1024K, 34 young (34816K), 3 survivors (3072K)
 Metaspace       used 8246K, committed 8512K, reserved 1114112K
  class space    used 894K, committed 1024K, reserved 1048576K
}
Event: 2.046 GC heap after
{Heap after GC invocations=2 (full 0):
 garbage-first heap   total 131072K, used 10680K [0x0000000081e00000, 0x0000000100000000)
  region size 1024K, 2 young (2048K), 2 survivors (2048K)
 Metaspace       used 8246K, committed 8512K, reserved 1114112K
  class space    used 894K, committed 1024K, reserved 1048576K
}
Event: 4.462 GC heap before
{Heap before GC invocations=2 (full 0):
 garbage-first heap   total 131072K, used 86456K [0x0000000081e00000, 0x0000000100000000)
  region size 1024K, 76 young (77824K), 2 survivors (2048K)
 Metaspace       used 8574K, committed 8832K, reserved 1114112K
  class space    used 894K, committed 1024K, reserved 1048576K
}
Event: 4.465 GC heap after
{Heap after GC invocations=3 (full 0):
 garbage-first heap   total 131072K, used 10617K [0x0000000081e00000, 0x0000000100000000)
  region size 1024K, 2 young (2048K), 2 survivors (2048K)
 Metaspace       used 8574K, committed 8832K, reserved 1114112K
  class space    used 894K, committed 1024K, reserved 1048576K
}
Event: 7.245 GC heap before
{Heap before GC invocations=3 (full 0):
 garbage-first heap   total 131072K, used 86393K [0x0000000081e00000, 0x0000000100000000)
  region size 1024K, 76 young (77824K), 2 survivors (2048K)
 Metaspace       used 8736K, committed 9024K, reserved 1114112K
  class space    used 895K, committed 1024K, reserved 1048576K
}
Event: 7.247 GC heap after
{Heap after GC invocations=4 (full 0):
 garbage-first heap   total 131072K, used 10680K [0x0000000081e00000, 0x0000000100000000)
  region size 1024K, 2 young (2048K), 2 survivors (2048K)
 Metaspace       used 8736K, committed 9024K, reserved 1114112K
  class space    used 895K, committed 1024K, reserved 1048576K
}
Event: 10.752 GC heap before
{Heap before GC invocations=4 (full 0):
 garbage-first heap   total 131072K, used 90552K [0x0000000081e00000, 0x0000000100000000)
  region size 1024K, 76 young (77824K), 2 survivors (2048K)
 Metaspace       used 8814K, committed 9088K, reserved 1114112K
  class space    used 900K, committed 1024K, reserved 1048576K
}
Event: 10.755 GC heap after
{Heap after GC invocations=5 (full 0):
 garbage-first heap   total 131072K, used 17819K [0x0000000081e00000, 0x0000000100000000)
  region size 1024K, 4 young (4096K), 4 survivors (4096K)
 Metaspace       used 8814K, committed 9088K, reserved 1114112K
  class space    used 900K, committed 1024K, reserved 1048576K
}
Event: 13.690 GC heap before
{Heap before GC invocations=5 (full 0):
 garbage-first heap   total 131072K, used 91547K [0x0000000081e00000, 0x0000000100000000)
  region size 1024K, 76 young (77824K), 4 survivors (4096K)
 Metaspace       used 8829K, committed 9088K, reserved 1114112K
  class space    used 900K, committed 1024K, reserved 1048576K
}
Event: 13.693 GC heap after
{Heap after GC invocations=6 (full 0):
 garbage-first heap   total 131072K, used 16898K [0x0000000081e00000, 0x0000000100000000)
  region size 1024K, 5 young (5120K), 5 survivors (5120K)
 Metaspace       used 8829K, committed 9088K, reserved 1114112K
  class space    used 900K, committed 1024K, reserved 1048576K
}
Event: 16.169 GC heap before
{Heap before GC invocations=6 (full 0):
 garbage-first heap   total 131072K, used 89602K [0x0000000081e00000, 0x0000000100000000)
  region size 1024K, 76 young (77824K), 5 survivors (5120K)
 Metaspace       used 8832K, committed 9088K, reserved 1114112K
  class space    used 900K, committed 1024K, reserved 1048576K
}
Event: 16.173 GC heap after
{Heap after GC invocations=7 (full 0):
 garbage-first heap   total 131072K, used 16997K [0x0000000081e00000, 0x0000000100000000)
  region size 1024K, 5 young (5120K), 5 survivors (5120K)
 Metaspace       used 8832K, committed 9088K, reserved 1114112K
  class space    used 900K, committed 1024K, reserved 1048576K
}
Event: 18.672 GC heap before
{Heap before GC invocations=7 (full 0):
 garbage-first heap   total 131072K, used 89701K [0x0000000081e00000, 0x0000000100000000)
  region size 1024K, 76 young (77824K), 5 survivors (5120K)
 Metaspace       used 8869K, committed 9088K, reserved 1114112K
  class space    used 902K, committed 1024K, reserved 1048576K
}
Event: 18.675 GC heap after
{Heap after GC invocations=8 (full 0):
 garbage-first heap   total 131072K, used 16916K [0x0000000081e00000, 0x0000000100000000)
  region size 1024K, 5 young (5120K), 5 survivors (5120K)
 Metaspace       used 8869K, committed 9088K, reserved 1114112K
  class space    used 902K, committed 1024K, reserved 1048576K
}
Event: 22.340 GC heap before
{Heap before GC invocations=8 (full 0):
 garbage-first heap   total 131072K, used 93716K [0x0000000081e00000, 0x0000000100000000)
  region size 1024K, 76 young (77824K), 5 survivors (5120K)
 Metaspace       used 8891K, committed 9152K, reserved 1114112K
  class space    used 902K, committed 1024K, reserved 1048576K
}
Event: 22.343 GC heap after
{Heap after GC invocations=9 (full 0):
 garbage-first heap   total 131072K, used 22127K [0x0000000081e00000, 0x0000000100000000)
  region size 1024K, 5 young (5120K), 5 survivors (5120K)
 Metaspace       used 8891K, committed 9152K, reserved 1114112K
  class space    used 902K, committed 1024K, reserved 1048576K
}

