# JRE version: Java(TM) SE Runtime Environment (19.0.1+10) (build 19.0.1+10-21)
# Java VM: Java HotSpot(TM) 64-Bit Server VM (19.0.1+10-21, mixed mode, sharing, tiered, compressed oops, compressed class ptrs, g1 gc, windows-amd64)
GC Precious Log:
 CardTable entry size: 512
 Card Set container configuration: InlinePtr #cards 5 size 8 Array Of Cards #cards 12 size 40 Howl #buckets 4 coarsen threshold 1843 Howl Bitmap #cards 512 size 80 coarsen threshold 460 Card regions per heap region 1 cards per card region 2048
 CPUs: 8 total, 8 available
 Memory: 8066M
 Large Page Support: Disabled
 NUMA Support: Disabled
 Compressed Oops: Enabled (32-bit)
 Heap Region Size: 1M
 Heap Min Capacity: 8M
 Heap Initial Capacity: 128M
 Heap Max Capacity: 2018M
 Pre-touch: Disabled
 Parallel Workers: 8
 Concurrent Workers: 2
 Concurrent Refinement Workers: 8
 Periodic GC: Disabled
Heap:
 garbage-first heap   total 131072K, used 29846K [0x0000000081e00000, 0x0000000100000000)
  region size 1024K, 14 young (14336K), 4 survivors (4096K)
 Metaspace       used 8938K, committed 9152K, reserved 1114112K
  class space    used 904K, committed 1024K, reserved 1048576K
GC Heap History (14 events):
Event: 1.754 GC heap before
{Heap before GC invocations=0 (full 0):
 garbage-first heap   total 131072K, used 24576K [0x0000000081e00000, 0x0000000100000000)
  region size 1024K, 23 young (23552K), 0 survivors (0K)
 Metaspace       used 7975K, committed 8256K, reserved 1114112K
  class space    used 871K, committed 960K, reserved 1048576K
}
Event: 1.760 GC heap after
{Heap after GC invocations=1 (full 0):
 garbage-first heap   total 131072K, used 5771K [0x0000000081e00000, 0x0000000100000000)
  region size 1024K, 3 young (3072K), 3 survivors (3072K)
 Metaspace       used 7975K, committed 8256K, reserved 1114112K
  class space    used 871K, committed 960K, reserved 1048576K
}
Event: 2.514 GC heap before
{Heap before GC invocations=1 (full 0):
 garbage-first heap   total 131072K, used 39563K [0x0000000081e00000, 0x0000000100000000)
  region size 1024K, 34 young (34816K), 3 survivors (3072K)
 Metaspace       used 8242K, committed 8512K, reserved 1114112K
  class space    used 890K, committed 1024K, reserved 1048576K
}
Event: 2.520 GC heap after
{Heap after GC invocations=2 (full 0):
 garbage-first heap   total 131072K, used 11004K [0x0000000081e00000, 0x0000000100000000)
  region size 1024K, 3 young (3072K), 3 survivors (3072K)
 Metaspace       used 8242K, committed 8512K, reserved 1114112K
  class space    used 890K, committed 1024K, reserved 1048576K
}
Event: 44.301 GC heap before
{Heap before GC invocations=2 (full 0):
 garbage-first heap   total 131072K, used 85756K [0x0000000081e00000, 0x0000000100000000)
  region size 1024K, 76 young (77824K), 3 survivors (3072K)
 Metaspace       used 8619K, committed 8896K, reserved 1114112K
  class space    used 899K, committed 1024K, reserved 1048576K
}
Event: 44.304 GC heap after
{Heap after GC invocations=3 (full 0):
 garbage-first heap   total 131072K, used 10989K [0x0000000081e00000, 0x0000000100000000)
  region size 1024K, 3 young (3072K), 3 survivors (3072K)
 Metaspace       used 8619K, committed 8896K, reserved 1114112K
  class space    used 899K, committed 1024K, reserved 1048576K
}
Event: 47.264 GC heap before
{Heap before GC invocations=3 (full 0):
 garbage-first heap   total 131072K, used 85741K [0x0000000081e00000, 0x0000000100000000)
  region size 1024K, 76 young (77824K), 3 survivors (3072K)
 Metaspace       used 8842K, committed 9088K, reserved 1114112K
  class space    used 900K, committed 1024K, reserved 1048576K
}
Event: 47.266 GC heap after
{Heap after GC invocations=4 (full 0):
 garbage-first heap   total 131072K, used 10743K [0x0000000081e00000, 0x0000000100000000)
  region size 1024K, 2 young (2048K), 2 survivors (2048K)
 Metaspace       used 8842K, committed 9088K, reserved 1114112K
  class space    used 900K, committed 1024K, reserved 1048576K
}
Event: 60.309 GC heap before
{Heap before GC invocations=4 (full 0):
 garbage-first heap   total 131072K, used 90615K [0x0000000081e00000, 0x0000000100000000)
  region size 1024K, 76 young (77824K), 2 survivors (2048K)
 Metaspace       used 8902K, committed 9152K, reserved 1114112K
  class space    used 903K, committed 1024K, reserved 1048576K
}
Event: 60.313 GC heap after
{Heap after GC invocations=5 (full 0):
 garbage-first heap   total 131072K, used 17892K [0x0000000081e00000, 0x0000000100000000)
  region size 1024K, 4 young (4096K), 4 survivors (4096K)
 Metaspace       used 8902K, committed 9152K, reserved 1114112K
  class space    used 903K, committed 1024K, reserved 1048576K
}
Event: 64.804 GC heap before
{Heap before GC invocations=5 (full 0):
 garbage-first heap   total 131072K, used 91620K [0x0000000081e00000, 0x0000000100000000)
  region size 1024K, 76 young (77824K), 4 survivors (4096K)
 Metaspace       used 8904K, committed 9152K, reserved 1114112K
  class space    used 903K, committed 1024K, reserved 1048576K
}
Event: 64.807 GC heap after
{Heap after GC invocations=6 (full 0):
 garbage-first heap   total 131072K, used 16875K [0x0000000081e00000, 0x0000000100000000)
  region size 1024K, 4 young (4096K), 4 survivors (4096K)
 Metaspace       used 8904K, committed 9152K, reserved 1114112K
  class space    used 903K, committed 1024K, reserved 1048576K
}
Event: 110.267 GC heap before
{Heap before GC invocations=6 (full 0):
 garbage-first heap   total 131072K, used 93675K [0x0000000081e00000, 0x0000000100000000)
  region size 1024K, 76 young (77824K), 4 survivors (4096K)
 Metaspace       used 8935K, committed 9152K, reserved 1114112K
  class space    used 904K, committed 1024K, reserved 1048576K
}
Event: 110.270 GC heap after
{Heap after GC invocations=7 (full 0):
 garbage-first heap   total 131072K, used 20630K [0x0000000081e00000, 0x0000000100000000)
  region size 1024K, 4 young (4096K), 4 survivors (4096K)
 Metaspace       used 8935K, committed 9152K, reserved 1114112K
  class space    used 904K, committed 1024K, reserved 1048576K
}

