# JRE version: Java(TM) SE Runtime Environment (19.0.1+10) (build 19.0.1+10-21)
# Java VM: Java HotSpot(TM) 64-Bit Server VM (19.0.1+10-21, mixed mode, sharing, tiered, compressed oops, compressed class ptrs, g1 gc, windows-amd64)
GC Precious Log:
 CardTable entry size: 512
 Card Set container configuration: InlinePtr #cards 5 size 8 Array Of Cards #cards 12 size 40 Howl #buckets 4 coarsen threshold 1843 Howl Bitmap #cards 512 size 80 coarsen threshold 460 Card regions per heap region 1 cards per card region 2048
 CPUs: 8 total, 8 available
 Memory: 8066M
 Large Page Support: Disabled
 NUMA Support: Disabled
 Compressed Oops: Enabled (32-bit)
 Heap Region Size: 1M
 Heap Min Capacity: 8M
 Heap Initial Capacity: 128M
 Heap Max Capacity: 2018M
 Pre-touch: Disabled
 Parallel Workers: 8
 Concurrent Workers: 2
 Concurrent Refinement Workers: 8
 Periodic GC: Disabled
Heap:
 garbage-first heap   total 131072K, used 52610K [0x0000000081e00000, 0x0000000100000000)
  region size 1024K, 35 young (35840K), 4 survivors (4096K)
 Metaspace       used 8935K, committed 9216K, reserved 1114112K
  class space    used 904K, committed 1024K, reserved 1048576K
GC Heap History (14 events):
Event: 1.677 GC heap before
{Heap before GC invocations=0 (full 0):
 garbage-first heap   total 131072K, used 24576K [0x0000000081e00000, 0x0000000100000000)
  region size 1024K, 23 young (23552K), 0 survivors (0K)
 Metaspace       used 7973K, committed 8192K, reserved 1114112K
  class space    used 868K, committed 960K, reserved 1048576K
}
Event: 1.682 GC heap after
{Heap after GC invocations=1 (full 0):
 garbage-first heap   total 131072K, used 5880K [0x0000000081e00000, 0x0000000100000000)
  region size 1024K, 3 young (3072K), 3 survivors (3072K)
 Metaspace       used 7973K, committed 8192K, reserved 1114112K
  class space    used 868K, committed 960K, reserved 1048576K
}
Event: 2.432 GC heap before
{Heap before GC invocations=1 (full 0):
 garbage-first heap   total 131072K, used 39672K [0x0000000081e00000, 0x0000000100000000)
  region size 1024K, 34 young (34816K), 3 survivors (3072K)
 Metaspace       used 8227K, committed 8512K, reserved 1114112K
  class space    used 890K, committed 1024K, reserved 1048576K
}
Event: 2.437 GC heap after
{Heap after GC invocations=2 (full 0):
 garbage-first heap   total 131072K, used 10869K [0x0000000081e00000, 0x0000000100000000)
  region size 1024K, 3 young (3072K), 3 survivors (3072K)
 Metaspace       used 8227K, committed 8512K, reserved 1114112K
  class space    used 890K, committed 1024K, reserved 1048576K
}
Event: 5.009 GC heap before
{Heap before GC invocations=2 (full 0):
 garbage-first heap   total 131072K, used 85621K [0x0000000081e00000, 0x0000000100000000)
  region size 1024K, 76 young (77824K), 3 survivors (3072K)
 Metaspace       used 8334K, committed 8576K, reserved 1114112K
  class space    used 891K, committed 1024K, reserved 1048576K
}
Event: 5.013 GC heap after
{Heap after GC invocations=3 (full 0):
 garbage-first heap   total 131072K, used 10790K [0x0000000081e00000, 0x0000000100000000)
  region size 1024K, 2 young (2048K), 2 survivors (2048K)
 Metaspace       used 8334K, committed 8576K, reserved 1114112K
  class space    used 891K, committed 1024K, reserved 1048576K
}
Event: 9.419 GC heap before
{Heap before GC invocations=3 (full 0):
 garbage-first heap   total 131072K, used 86566K [0x0000000081e00000, 0x0000000100000000)
  region size 1024K, 76 young (77824K), 2 survivors (2048K)
 Metaspace       used 8795K, committed 9088K, reserved 1114112K
  class space    used 896K, committed 1024K, reserved 1048576K
}
Event: 9.421 GC heap after
{Heap after GC invocations=4 (full 0):
 garbage-first heap   total 131072K, used 10442K [0x0000000081e00000, 0x0000000100000000)
  region size 1024K, 2 young (2048K), 2 survivors (2048K)
 Metaspace       used 8795K, committed 9088K, reserved 1114112K
  class space    used 896K, committed 1024K, reserved 1048576K
}
Event: 17.628 GC heap before
{Heap before GC invocations=4 (full 0):
 garbage-first heap   total 131072K, used 90314K [0x0000000081e00000, 0x0000000100000000)
  region size 1024K, 76 young (77824K), 2 survivors (2048K)
 Metaspace       used 8884K, committed 9152K, reserved 1114112K
  class space    used 904K, committed 1024K, reserved 1048576K
}
Event: 17.633 GC heap after
{Heap after GC invocations=5 (full 0):
 garbage-first heap   total 131072K, used 17564K [0x0000000081e00000, 0x0000000100000000)
  region size 1024K, 4 young (4096K), 4 survivors (4096K)
 Metaspace       used 8884K, committed 9152K, reserved 1114112K
  class space    used 904K, committed 1024K, reserved 1048576K
}
Event: 19.970 GC heap before
{Heap before GC invocations=5 (full 0):
 garbage-first heap   total 131072K, used 91292K [0x0000000081e00000, 0x0000000100000000)
  region size 1024K, 76 young (77824K), 4 survivors (4096K)
 Metaspace       used 8887K, committed 9152K, reserved 1114112K
  class space    used 904K, committed 1024K, reserved 1048576K
}
Event: 19.974 GC heap after
{Heap after GC invocations=6 (full 0):
 garbage-first heap   total 131072K, used 16654K [0x0000000081e00000, 0x0000000100000000)
  region size 1024K, 4 young (4096K), 4 survivors (4096K)
 Metaspace       used 8887K, committed 9152K, reserved 1114112K
  class space    used 904K, committed 1024K, reserved 1048576K
}
Event: 24.959 GC heap before
{Heap before GC invocations=6 (full 0):
 garbage-first heap   total 131072K, used 94478K [0x0000000081e00000, 0x0000000100000000)
  region size 1024K, 76 young (77824K), 4 survivors (4096K)
 Metaspace       used 8933K, committed 9216K, reserved 1114112K
  class space    used 904K, committed 1024K, reserved 1048576K
}
Event: 24.963 GC heap after
{Heap after GC invocations=7 (full 0):
 garbage-first heap   total 131072K, used 21890K [0x0000000081e00000, 0x0000000100000000)
  region size 1024K, 4 young (4096K), 4 survivors (4096K)
 Metaspace       used 8933K, committed 9216K, reserved 1114112K
  class space    used 904K, committed 1024K, reserved 1048576K
}

