# JRE version: Java(TM) SE Runtime Environment (19.0.1+10) (build 19.0.1+10-21)
# Java VM: Java HotSpot(TM) 64-Bit Server VM (19.0.1+10-21, mixed mode, sharing, tiered, compressed oops, compressed class ptrs, g1 gc, windows-amd64)
GC Precious Log:
 CardTable entry size: 512
 Card Set container configuration: InlinePtr #cards 5 size 8 Array Of Cards #cards 12 size 40 Howl #buckets 4 coarsen threshold 1843 Howl Bitmap #cards 512 size 80 coarsen threshold 460 Card regions per heap region 1 cards per card region 2048
 CPUs: 8 total, 8 available
 Memory: 8066M
 Large Page Support: Disabled
 NUMA Support: Disabled
 Compressed Oops: Enabled (32-bit)
 Heap Region Size: 1M
 Heap Min Capacity: 8M
 Heap Initial Capacity: 128M
 Heap Max Capacity: 2018M
 Pre-touch: Disabled
 Parallel Workers: 8
 Concurrent Workers: 2
 Concurrent Refinement Workers: 8
 Periodic GC: Disabled
Heap:
 garbage-first heap   total 131072K, used 62253K [0x0000000081e00000, 0x0000000100000000)
  region size 1024K, 45 young (46080K), 5 survivors (5120K)
 Metaspace       used 8969K, committed 9216K, reserved 1114112K
  class space    used 901K, committed 1024K, reserved 1048576K
GC Heap History (20 events):
Event: 5.225 GC heap before
{Heap before GC invocations=2 (full 0):
 garbage-first heap   total 131072K, used 85538K [0x0000000081e00000, 0x0000000100000000)
  region size 1024K, 76 young (77824K), 3 survivors (3072K)
 Metaspace       used 8547K, committed 8832K, reserved 1114112K
  class space    used 889K, committed 1024K, reserved 1048576K
}
Event: 5.228 GC heap after
{Heap after GC invocations=3 (full 0):
 garbage-first heap   total 131072K, used 10553K [0x0000000081e00000, 0x0000000100000000)
  region size 1024K, 2 young (2048K), 2 survivors (2048K)
 Metaspace       used 8547K, committed 8832K, reserved 1114112K
  class space    used 889K, committed 1024K, reserved 1048576K
}
Event: 8.615 GC heap before
{Heap before GC invocations=3 (full 0):
 garbage-first heap   total 131072K, used 86329K [0x0000000081e00000, 0x0000000100000000)
  region size 1024K, 76 young (77824K), 2 survivors (2048K)
 Metaspace       used 8726K, committed 9024K, reserved 1114112K
  class space    used 890K, committed 1024K, reserved 1048576K
}
Event: 8.618 GC heap after
{Heap after GC invocations=4 (full 0):
 garbage-first heap   total 131072K, used 10592K [0x0000000081e00000, 0x0000000100000000)
  region size 1024K, 2 young (2048K), 2 survivors (2048K)
 Metaspace       used 8726K, committed 9024K, reserved 1114112K
  class space    used 890K, committed 1024K, reserved 1048576K
}
Event: 11.429 GC heap before
{Heap before GC invocations=4 (full 0):
 garbage-first heap   total 131072K, used 86368K [0x0000000081e00000, 0x0000000100000000)
  region size 1024K, 76 young (77824K), 2 survivors (2048K)
 Metaspace       used 8841K, committed 9088K, reserved 1114112K
  class space    used 892K, committed 1024K, reserved 1048576K
}
Event: 11.431 GC heap after
{Heap after GC invocations=5 (full 0):
 garbage-first heap   total 131072K, used 10468K [0x0000000081e00000, 0x0000000100000000)
  region size 1024K, 2 young (2048K), 2 survivors (2048K)
 Metaspace       used 8841K, committed 9088K, reserved 1114112K
  class space    used 892K, committed 1024K, reserved 1048576K
}
Event: 18.730 GC heap before
{Heap before GC invocations=5 (full 0):
 garbage-first heap   total 131072K, used 90340K [0x0000000081e00000, 0x0000000100000000)
  region size 1024K, 76 young (77824K), 2 survivors (2048K)
 Metaspace       used 8929K, committed 9152K, reserved 1114112K
  class space    used 901K, committed 1024K, reserved 1048576K
}
Event: 18.738 GC heap after
{Heap after GC invocations=6 (full 0):
 garbage-first heap   total 131072K, used 17728K [0x0000000081e00000, 0x0000000100000000)
  region size 1024K, 4 young (4096K), 4 survivors (4096K)
 Metaspace       used 8929K, committed 9152K, reserved 1114112K
  class space    used 901K, committed 1024K, reserved 1048576K
}
Event: 22.055 GC heap before
{Heap before GC invocations=6 (full 0):
 garbage-first heap   total 131072K, used 91456K [0x0000000081e00000, 0x0000000100000000)
  region size 1024K, 76 young (77824K), 4 survivors (4096K)
 Metaspace       used 8929K, committed 9152K, reserved 1114112K
  class space    used 901K, committed 1024K, reserved 1048576K
}
Event: 22.059 GC heap after
{Heap after GC invocations=7 (full 0):
 garbage-first heap   total 131072K, used 16809K [0x0000000081e00000, 0x0000000100000000)
  region size 1024K, 5 young (5120K), 5 survivors (5120K)
 Metaspace       used 8929K, committed 9152K, reserved 1114112K
  class space    used 901K, committed 1024K, reserved 1048576K
}
Event: 24.985 GC heap before
{Heap before GC invocations=7 (full 0):
 garbage-first heap   total 131072K, used 89513K [0x0000000081e00000, 0x0000000100000000)
  region size 1024K, 76 young (77824K), 5 survivors (5120K)
 Metaspace       used 8929K, committed 9152K, reserved 1114112K
  class space    used 901K, committed 1024K, reserved 1048576K
}
Event: 24.989 GC heap after
{Heap after GC invocations=8 (full 0):
 garbage-first heap   total 131072K, used 16994K [0x0000000081e00000, 0x0000000100000000)
  region size 1024K, 5 young (5120K), 5 survivors (5120K)
 Metaspace       used 8929K, committed 9152K, reserved 1114112K
  class space    used 901K, committed 1024K, reserved 1048576K
}
Event: 27.830 GC heap before
{Heap before GC invocations=8 (full 0):
 garbage-first heap   total 131072K, used 89698K [0x0000000081e00000, 0x0000000100000000)
  region size 1024K, 76 young (77824K), 5 survivors (5120K)
 Metaspace       used 8932K, committed 9152K, reserved 1114112K
  class space    used 901K, committed 1024K, reserved 1048576K
}
Event: 27.833 GC heap after
{Heap after GC invocations=9 (full 0):
 garbage-first heap   total 131072K, used 17103K [0x0000000081e00000, 0x0000000100000000)
  region size 1024K, 5 young (5120K), 5 survivors (5120K)
 Metaspace       used 8932K, committed 9152K, reserved 1114112K
  class space    used 901K, committed 1024K, reserved 1048576K
}
Event: 31.134 GC heap before
{Heap before GC invocations=9 (full 0):
 garbage-first heap   total 131072K, used 89807K [0x0000000081e00000, 0x0000000100000000)
  region size 1024K, 76 young (77824K), 5 survivors (5120K)
 Metaspace       used 8933K, committed 9152K, reserved 1114112K
  class space    used 901K, committed 1024K, reserved 1048576K
}
Event: 31.137 GC heap after
{Heap after GC invocations=10 (full 0):
 garbage-first heap   total 131072K, used 16828K [0x0000000081e00000, 0x0000000100000000)
  region size 1024K, 5 young (5120K), 5 survivors (5120K)
 Metaspace       used 8933K, committed 9152K, reserved 1114112K
  class space    used 901K, committed 1024K, reserved 1048576K
}
Event: 34.413 GC heap before
{Heap before GC invocations=10 (full 0):
 garbage-first heap   total 131072K, used 89532K [0x0000000081e00000, 0x0000000100000000)
  region size 1024K, 76 young (77824K), 5 survivors (5120K)
 Metaspace       used 8945K, committed 9216K, reserved 1114112K
  class space    used 901K, committed 1024K, reserved 1048576K
}
Event: 34.420 GC heap after
{Heap after GC invocations=11 (full 0):
 garbage-first heap   total 131072K, used 16682K [0x0000000081e00000, 0x0000000100000000)
  region size 1024K, 4 young (4096K), 4 survivors (4096K)
 Metaspace       used 8945K, committed 9216K, reserved 1114112K
  class space    used 901K, committed 1024K, reserved 1048576K
}
Event: 37.081 GC heap before
{Heap before GC invocations=11 (full 0):
 garbage-first heap   total 131072K, used 94506K [0x0000000081e00000, 0x0000000100000000)
  region size 1024K, 76 young (77824K), 4 survivors (4096K)
 Metaspace       used 8967K, committed 9216K, reserved 1114112K
  class space    used 901K, committed 1024K, reserved 1048576K
}
Event: 37.085 GC heap after
{Heap after GC invocations=12 (full 0):
 garbage-first heap   total 131072K, used 22317K [0x0000000081e00000, 0x0000000100000000)
  region size 1024K, 5 young (5120K), 5 survivors (5120K)
 Metaspace       used 8967K, committed 9216K, reserved 1114112K
  class space    used 901K, committed 1024K, reserved 1048576K
}

