# JRE version: Java(TM) SE Runtime Environment (19.0.1+10) (build 19.0.1+10-21)
# Java VM: Java HotSpot(TM) 64-Bit Server VM (19.0.1+10-21, mixed mode, sharing, tiered, compressed oops, compressed class ptrs, g1 gc, windows-amd64)
GC Precious Log:
 CardTable entry size: 512
 Card Set container configuration: InlinePtr #cards 5 size 8 Array Of Cards #cards 12 size 40 Howl #buckets 4 coarsen threshold 1843 Howl Bitmap #cards 512 size 80 coarsen threshold 460 Card regions per heap region 1 cards per card region 2048
 CPUs: 8 total, 8 available
 Memory: 8066M
 Large Page Support: Disabled
 NUMA Support: Disabled
 Compressed Oops: Enabled (32-bit)
 Heap Region Size: 1M
 Heap Min Capacity: 8M
 Heap Initial Capacity: 128M
 Heap Max Capacity: 2018M
 Pre-touch: Disabled
 Parallel Workers: 8
 Concurrent Workers: 2
 Concurrent Refinement Workers: 8
 Periodic GC: Disabled
Heap:
 garbage-first heap   total 131072K, used 24616K [0x0000000081e00000, 0x0000000100000000)
  region size 1024K, 7 young (7168K), 4 survivors (4096K)
 Metaspace       used 9030K, committed 9216K, reserved 1114112K
  class space    used 910K, committed 1024K, reserved 1048576K
GC Heap History (20 events):
Event: 1.676 GC heap before
{Heap before GC invocations=0 (full 0):
 garbage-first heap   total 131072K, used 24576K [0x0000000081e00000, 0x0000000100000000)
  region size 1024K, 23 young (23552K), 0 survivors (0K)
 Metaspace       used 7973K, committed 8192K, reserved 1114112K
  class space    used 868K, committed 960K, reserved 1048576K
}
Event: 1.682 GC heap after
{Heap after GC invocations=1 (full 0):
 garbage-first heap   total 131072K, used 5686K [0x0000000081e00000, 0x0000000100000000)
  region size 1024K, 3 young (3072K), 3 survivors (3072K)
 Metaspace       used 7973K, committed 8192K, reserved 1114112K
  class space    used 868K, committed 960K, reserved 1048576K
}
Event: 2.379 GC heap before
{Heap before GC invocations=1 (full 0):
 garbage-first heap   total 131072K, used 39478K [0x0000000081e00000, 0x0000000100000000)
  region size 1024K, 34 young (34816K), 3 survivors (3072K)
 Metaspace       used 8221K, committed 8512K, reserved 1114112K
  class space    used 890K, committed 1024K, reserved 1048576K
}
Event: 2.386 GC heap after
{Heap after GC invocations=2 (full 0):
 garbage-first heap   total 131072K, used 11033K [0x0000000081e00000, 0x0000000100000000)
  region size 1024K, 3 young (3072K), 3 survivors (3072K)
 Metaspace       used 8221K, committed 8512K, reserved 1114112K
  class space    used 890K, committed 1024K, reserved 1048576K
}
Event: 5.566 GC heap before
{Heap before GC invocations=2 (full 0):
 garbage-first heap   total 131072K, used 85785K [0x0000000081e00000, 0x0000000100000000)
  region size 1024K, 76 young (77824K), 3 survivors (3072K)
 Metaspace       used 8661K, committed 8896K, reserved 1114112K
  class space    used 896K, committed 1024K, reserved 1048576K
}
Event: 5.568 GC heap after
{Heap after GC invocations=3 (full 0):
 garbage-first heap   total 131072K, used 10838K [0x0000000081e00000, 0x0000000100000000)
  region size 1024K, 2 young (2048K), 2 survivors (2048K)
 Metaspace       used 8661K, committed 8896K, reserved 1114112K
  class space    used 896K, committed 1024K, reserved 1048576K
}
Event: 8.785 GC heap before
{Heap before GC invocations=3 (full 0):
 garbage-first heap   total 131072K, used 86614K [0x0000000081e00000, 0x0000000100000000)
  region size 1024K, 76 young (77824K), 2 survivors (2048K)
 Metaspace       used 8821K, committed 9024K, reserved 1114112K
  class space    used 896K, committed 1024K, reserved 1048576K
}
Event: 8.787 GC heap after
{Heap after GC invocations=4 (full 0):
 garbage-first heap   total 131072K, used 10812K [0x0000000081e00000, 0x0000000100000000)
  region size 1024K, 2 young (2048K), 2 survivors (2048K)
 Metaspace       used 8821K, committed 9024K, reserved 1114112K
  class space    used 896K, committed 1024K, reserved 1048576K
}
Event: 15.701 GC heap before
{Heap before GC invocations=4 (full 0):
 garbage-first heap   total 131072K, used 86588K [0x0000000081e00000, 0x0000000100000000)
  region size 1024K, 76 young (77824K), 2 survivors (2048K)
 Metaspace       used 8840K, committed 9152K, reserved 1114112K
  class space    used 896K, committed 1024K, reserved 1048576K
}
Event: 15.703 GC heap after
{Heap after GC invocations=5 (full 0):
 garbage-first heap   total 131072K, used 10523K [0x0000000081e00000, 0x0000000100000000)
  region size 1024K, 2 young (2048K), 2 survivors (2048K)
 Metaspace       used 8840K, committed 9152K, reserved 1114112K
  class space    used 896K, committed 1024K, reserved 1048576K
}
Event: 20.380 GC heap before
{Heap before GC invocations=5 (full 0):
 garbage-first heap   total 131072K, used 86299K [0x0000000081e00000, 0x0000000100000000)
  region size 1024K, 76 young (77824K), 2 survivors (2048K)
 Metaspace       used 8898K, committed 9152K, reserved 1114112K
  class space    used 905K, committed 1024K, reserved 1048576K
}
Event: 20.382 GC heap after
{Heap after GC invocations=6 (full 0):
 garbage-first heap   total 131072K, used 10726K [0x0000000081e00000, 0x0000000100000000)
  region size 1024K, 2 young (2048K), 2 survivors (2048K)
 Metaspace       used 8898K, committed 9152K, reserved 1114112K
  class space    used 905K, committed 1024K, reserved 1048576K
}
Event: 23.326 GC heap before
{Heap before GC invocations=6 (full 0):
 garbage-first heap   total 131072K, used 86502K [0x0000000081e00000, 0x0000000100000000)
  region size 1024K, 76 young (77824K), 2 survivors (2048K)
 Metaspace       used 8911K, committed 9152K, reserved 1114112K
  class space    used 905K, committed 1024K, reserved 1048576K
}
Event: 23.328 GC heap after
{Heap after GC invocations=7 (full 0):
 garbage-first heap   total 131072K, used 10597K [0x0000000081e00000, 0x0000000100000000)
  region size 1024K, 2 young (2048K), 2 survivors (2048K)
 Metaspace       used 8911K, committed 9152K, reserved 1114112K
  class space    used 905K, committed 1024K, reserved 1048576K
}
Event: 26.242 GC heap before
{Heap before GC invocations=7 (full 0):
 garbage-first heap   total 131072K, used 86373K [0x0000000081e00000, 0x0000000100000000)
  region size 1024K, 76 young (77824K), 2 survivors (2048K)
 Metaspace       used 8911K, committed 9152K, reserved 1114112K
  class space    used 905K, committed 1024K, reserved 1048576K
}
Event: 26.244 GC heap after
{Heap after GC invocations=8 (full 0):
 garbage-first heap   total 131072K, used 10556K [0x0000000081e00000, 0x0000000100000000)
  region size 1024K, 2 young (2048K), 2 survivors (2048K)
 Metaspace       used 8911K, committed 9152K, reserved 1114112K
  class space    used 905K, committed 1024K, reserved 1048576K
}
Event: 29.728 GC heap before
{Heap before GC invocations=8 (full 0):
 garbage-first heap   total 131072K, used 87356K [0x0000000081e00000, 0x0000000100000000)
  region size 1024K, 76 young (77824K), 2 survivors (2048K)
 Metaspace       used 8984K, committed 9216K, reserved 1114112K
  class space    used 910K, committed 1024K, reserved 1048576K
}
Event: 29.730 GC heap after
{Heap after GC invocations=9 (full 0):
 garbage-first heap   total 131072K, used 13142K [0x0000000081e00000, 0x0000000100000000)
  region size 1024K, 3 young (3072K), 3 survivors (3072K)
 Metaspace       used 8984K, committed 9216K, reserved 1114112K
  class space    used 910K, committed 1024K, reserved 1048576K
}
Event: 32.837 GC heap before
{Heap before GC invocations=9 (full 0):
 garbage-first heap   total 131072K, used 94038K [0x0000000081e00000, 0x0000000100000000)
  region size 1024K, 76 young (77824K), 3 survivors (3072K)
 Metaspace       used 9025K, committed 9216K, reserved 1114112K
  class space    used 910K, committed 1024K, reserved 1048576K
}
Event: 32.840 GC heap after
{Heap after GC invocations=10 (full 0):
 garbage-first heap   total 131072K, used 21544K [0x0000000081e00000, 0x0000000100000000)
  region size 1024K, 4 young (4096K), 4 survivors (4096K)
 Metaspace       used 9025K, committed 9216K, reserved 1114112K
  class space    used 910K, committed 1024K, reserved 1048576K
}

