# JRE version: Java(TM) SE Runtime Environment (19.0.1+10) (build 19.0.1+10-21)
# Java VM: Java HotSpot(TM) 64-Bit Server VM (19.0.1+10-21, mixed mode, sharing, tiered, compressed oops, compressed class ptrs, g1 gc, windows-amd64)
GC Precious Log:
 CardTable entry size: 512
 Card Set container configuration: InlinePtr #cards 5 size 8 Array Of Cards #cards 12 size 40 Howl #buckets 4 coarsen threshold 1843 Howl Bitmap #cards 512 size 80 coarsen threshold 460 Card regions per heap region 1 cards per card region 2048
 CPUs: 8 total, 8 available
 Memory: 8066M
 Large Page Support: Disabled
 NUMA Support: Disabled
 Compressed Oops: Enabled (32-bit)
 Heap Region Size: 1M
 Heap Min Capacity: 8M
 Heap Initial Capacity: 128M
 Heap Max Capacity: 2018M
 Pre-touch: Disabled
 Parallel Workers: 8
 Concurrent Workers: 2
 Concurrent Refinement Workers: 8
 Periodic GC: Disabled
Heap:
 garbage-first heap   total 131072K, used 58840K [0x0000000081e00000, 0x0000000100000000)
  region size 1024K, 41 young (41984K), 4 survivors (4096K)
 Metaspace       used 8968K, committed 9216K, reserved 1114112K
  class space    used 908K, committed 1024K, reserved 1048576K
GC Heap History (20 events):
Event: 22.593 GC heap before
{Heap before GC invocations=6 (full 0):
 garbage-first heap   total 131072K, used 86723K [0x0000000081e00000, 0x0000000100000000)
  region size 1024K, 76 young (77824K), 2 survivors (2048K)
 Metaspace       used 8851K, committed 9088K, reserved 1114112K
  class space    used 901K, committed 1024K, reserved 1048576K
}
Event: 22.595 GC heap after
{Heap after GC invocations=7 (full 0):
 garbage-first heap   total 131072K, used 10515K [0x0000000081e00000, 0x0000000100000000)
  region size 1024K, 2 young (2048K), 2 survivors (2048K)
 Metaspace       used 8851K, committed 9088K, reserved 1114112K
  class space    used 901K, committed 1024K, reserved 1048576K
}
Event: 25.755 GC heap before
{Heap before GC invocations=7 (full 0):
 garbage-first heap   total 131072K, used 89363K [0x0000000081e00000, 0x0000000100000000)
  region size 1024K, 76 young (77824K), 2 survivors (2048K)
 Metaspace       used 8891K, committed 9152K, reserved 1114112K
  class space    used 905K, committed 1024K, reserved 1048576K
}
Event: 25.757 GC heap after
{Heap after GC invocations=8 (full 0):
 garbage-first heap   total 131072K, used 16061K [0x0000000081e00000, 0x0000000100000000)
  region size 1024K, 3 young (3072K), 3 survivors (3072K)
 Metaspace       used 8891K, committed 9152K, reserved 1114112K
  class space    used 905K, committed 1024K, reserved 1048576K
}
Event: 29.281 GC heap before
{Heap before GC invocations=8 (full 0):
 garbage-first heap   total 131072K, used 90813K [0x0000000081e00000, 0x0000000100000000)
  region size 1024K, 76 young (77824K), 3 survivors (3072K)
 Metaspace       used 8917K, committed 9152K, reserved 1114112K
  class space    used 908K, committed 1024K, reserved 1048576K
}
Event: 29.288 GC heap after
{Heap after GC invocations=9 (full 0):
 garbage-first heap   total 131072K, used 17804K [0x0000000081e00000, 0x0000000100000000)
  region size 1024K, 4 young (4096K), 4 survivors (4096K)
 Metaspace       used 8917K, committed 9152K, reserved 1114112K
  class space    used 908K, committed 1024K, reserved 1048576K
}
Event: 31.974 GC heap before
{Heap before GC invocations=9 (full 0):
 garbage-first heap   total 131072K, used 91532K [0x0000000081e00000, 0x0000000100000000)
  region size 1024K, 76 young (77824K), 4 survivors (4096K)
 Metaspace       used 8917K, committed 9152K, reserved 1114112K
  class space    used 908K, committed 1024K, reserved 1048576K
}
Event: 31.980 GC heap after
{Heap after GC invocations=10 (full 0):
 garbage-first heap   total 131072K, used 16653K [0x0000000081e00000, 0x0000000100000000)
  region size 1024K, 4 young (4096K), 4 survivors (4096K)
 Metaspace       used 8917K, committed 9152K, reserved 1114112K
  class space    used 908K, committed 1024K, reserved 1048576K
}
Event: 35.318 GC heap before
{Heap before GC invocations=10 (full 0):
 garbage-first heap   total 131072K, used 90381K [0x0000000081e00000, 0x0000000100000000)
  region size 1024K, 76 young (77824K), 4 survivors (4096K)
 Metaspace       used 8919K, committed 9152K, reserved 1114112K
  class space    used 908K, committed 1024K, reserved 1048576K
}
Event: 35.321 GC heap after
{Heap after GC invocations=11 (full 0):
 garbage-first heap   total 131072K, used 16512K [0x0000000081e00000, 0x0000000100000000)
  region size 1024K, 4 young (4096K), 4 survivors (4096K)
 Metaspace       used 8919K, committed 9152K, reserved 1114112K
  class space    used 908K, committed 1024K, reserved 1048576K
}
Event: 38.828 GC heap before
{Heap before GC invocations=11 (full 0):
 garbage-first heap   total 131072K, used 90240K [0x0000000081e00000, 0x0000000100000000)
  region size 1024K, 76 young (77824K), 4 survivors (4096K)
 Metaspace       used 8934K, committed 9216K, reserved 1114112K
  class space    used 908K, committed 1024K, reserved 1048576K
}
Event: 38.835 GC heap after
{Heap after GC invocations=12 (full 0):
 garbage-first heap   total 131072K, used 16601K [0x0000000081e00000, 0x0000000100000000)
  region size 1024K, 4 young (4096K), 4 survivors (4096K)
 Metaspace       used 8934K, committed 9216K, reserved 1114112K
  class space    used 908K, committed 1024K, reserved 1048576K
}
Event: 41.607 GC heap before
{Heap before GC invocations=12 (full 0):
 garbage-first heap   total 131072K, used 90329K [0x0000000081e00000, 0x0000000100000000)
  region size 1024K, 76 young (77824K), 4 survivors (4096K)
 Metaspace       used 8936K, committed 9216K, reserved 1114112K
  class space    used 908K, committed 1024K, reserved 1048576K
}
Event: 41.610 GC heap after
{Heap after GC invocations=13 (full 0):
 garbage-first heap   total 131072K, used 16443K [0x0000000081e00000, 0x0000000100000000)
  region size 1024K, 4 young (4096K), 4 survivors (4096K)
 Metaspace       used 8936K, committed 9216K, reserved 1114112K
  class space    used 908K, committed 1024K, reserved 1048576K
}
Event: 44.131 GC heap before
{Heap before GC invocations=13 (full 0):
 garbage-first heap   total 131072K, used 90171K [0x0000000081e00000, 0x0000000100000000)
  region size 1024K, 76 young (77824K), 4 survivors (4096K)
 Metaspace       used 8936K, committed 9216K, reserved 1114112K
  class space    used 908K, committed 1024K, reserved 1048576K
}
Event: 44.134 GC heap after
{Heap after GC invocations=14 (full 0):
 garbage-first heap   total 131072K, used 16360K [0x0000000081e00000, 0x0000000100000000)
  region size 1024K, 4 young (4096K), 4 survivors (4096K)
 Metaspace       used 8936K, committed 9216K, reserved 1114112K
  class space    used 908K, committed 1024K, reserved 1048576K
}
Event: 47.396 GC heap before
{Heap before GC invocations=14 (full 0):
 garbage-first heap   total 131072K, used 90088K [0x0000000081e00000, 0x0000000100000000)
  region size 1024K, 76 young (77824K), 4 survivors (4096K)
 Metaspace       used 8936K, committed 9216K, reserved 1114112K
  class space    used 908K, committed 1024K, reserved 1048576K
}
Event: 47.399 GC heap after
{Heap after GC invocations=15 (full 0):
 garbage-first heap   total 131072K, used 16354K [0x0000000081e00000, 0x0000000100000000)
  region size 1024K, 4 young (4096K), 4 survivors (4096K)
 Metaspace       used 8936K, committed 9216K, reserved 1114112K
  class space    used 908K, committed 1024K, reserved 1048576K
}
Event: 52.054 GC heap before
{Heap before GC invocations=15 (full 0):
 garbage-first heap   total 131072K, used 94178K [0x0000000081e00000, 0x0000000100000000)
  region size 1024K, 76 young (77824K), 4 survivors (4096K)
 Metaspace       used 8966K, committed 9216K, reserved 1114112K
  class space    used 908K, committed 1024K, reserved 1048576K
}
Event: 52.060 GC heap after
{Heap after GC invocations=16 (full 0):
 garbage-first heap   total 131072K, used 21976K [0x0000000081e00000, 0x0000000100000000)
  region size 1024K, 4 young (4096K), 4 survivors (4096K)
 Metaspace       used 8966K, committed 9216K, reserved 1114112K
  class space    used 908K, committed 1024K, reserved 1048576K
}

