# JRE version: Java(TM) SE Runtime Environment (19.0.1+10) (build 19.0.1+10-21)
# Java VM: Java HotSpot(TM) 64-Bit Server VM (19.0.1+10-21, mixed mode, sharing, tiered, compressed oops, compressed class ptrs, g1 gc, windows-amd64)
GC Precious Log:
 CardTable entry size: 512
 Card Set container configuration: InlinePtr #cards 5 size 8 Array Of Cards #cards 12 size 40 Howl #buckets 4 coarsen threshold 1843 Howl Bitmap #cards 512 size 80 coarsen threshold 460 Card regions per heap region 1 cards per card region 2048
 CPUs: 8 total, 8 available
 Memory: 8066M
 Large Page Support: Disabled
 NUMA Support: Disabled
 Compressed Oops: Enabled (32-bit)
 Heap Region Size: 1M
 Heap Min Capacity: 8M
 Heap Initial Capacity: 128M
 Heap Max Capacity: 2018M
 Pre-touch: Disabled
 Parallel Workers: 8
 Concurrent Workers: 2
 Concurrent Refinement Workers: 8
 Periodic GC: Disabled
Heap:
 garbage-first heap   total 131072K, used 24175K [0x0000000081e00000, 0x0000000100000000)
  region size 1024K, 7 young (7168K), 4 survivors (4096K)
 Metaspace       used 8842K, committed 9088K, reserved 1114112K
  class space    used 898K, committed 1024K, reserved 1048576K
GC Heap History (16 events):
Event: 1.683 GC heap before
{Heap before GC invocations=0 (full 0):
 garbage-first heap   total 131072K, used 24576K [0x0000000081e00000, 0x0000000100000000)
  region size 1024K, 23 young (23552K), 0 survivors (0K)
 Metaspace       used 7960K, committed 8192K, reserved 1114112K
  class space    used 867K, committed 960K, reserved 1048576K
}
Event: 1.688 GC heap after
{Heap after GC invocations=1 (full 0):
 garbage-first heap   total 131072K, used 5908K [0x0000000081e00000, 0x0000000100000000)
  region size 1024K, 3 young (3072K), 3 survivors (3072K)
 Metaspace       used 7960K, committed 8192K, reserved 1114112K
  class space    used 867K, committed 960K, reserved 1048576K
}
Event: 2.474 GC heap before
{Heap before GC invocations=1 (full 0):
 garbage-first heap   total 131072K, used 39700K [0x0000000081e00000, 0x0000000100000000)
  region size 1024K, 34 young (34816K), 3 survivors (3072K)
 Metaspace       used 8204K, committed 8512K, reserved 1114112K
  class space    used 889K, committed 1024K, reserved 1048576K
}
Event: 2.480 GC heap after
{Heap after GC invocations=2 (full 0):
 garbage-first heap   total 131072K, used 10877K [0x0000000081e00000, 0x0000000100000000)
  region size 1024K, 2 young (2048K), 2 survivors (2048K)
 Metaspace       used 8204K, committed 8512K, reserved 1114112K
  class space    used 889K, committed 1024K, reserved 1048576K
}
Event: 5.231 GC heap before
{Heap before GC invocations=2 (full 0):
 garbage-first heap   total 131072K, used 86653K [0x0000000081e00000, 0x0000000100000000)
  region size 1024K, 76 young (77824K), 2 survivors (2048K)
 Metaspace       used 8476K, committed 8768K, reserved 1114112K
  class space    used 889K, committed 1024K, reserved 1048576K
}
Event: 5.235 GC heap after
{Heap after GC invocations=3 (full 0):
 garbage-first heap   total 131072K, used 10845K [0x0000000081e00000, 0x0000000100000000)
  region size 1024K, 2 young (2048K), 2 survivors (2048K)
 Metaspace       used 8476K, committed 8768K, reserved 1114112K
  class space    used 889K, committed 1024K, reserved 1048576K
}
Event: 8.341 GC heap before
{Heap before GC invocations=3 (full 0):
 garbage-first heap   total 131072K, used 86621K [0x0000000081e00000, 0x0000000100000000)
  region size 1024K, 76 young (77824K), 2 survivors (2048K)
 Metaspace       used 8670K, committed 8960K, reserved 1114112K
  class space    used 890K, committed 1024K, reserved 1048576K
}
Event: 8.345 GC heap after
{Heap after GC invocations=4 (full 0):
 garbage-first heap   total 131072K, used 10964K [0x0000000081e00000, 0x0000000100000000)
  region size 1024K, 3 young (3072K), 3 survivors (3072K)
 Metaspace       used 8670K, committed 8960K, reserved 1114112K
  class space    used 890K, committed 1024K, reserved 1048576K
}
Event: 12.513 GC heap before
{Heap before GC invocations=4 (full 0):
 garbage-first heap   total 131072K, used 89812K [0x0000000081e00000, 0x0000000100000000)
  region size 1024K, 76 young (77824K), 3 survivors (3072K)
 Metaspace       used 8792K, committed 9024K, reserved 1114112K
  class space    used 898K, committed 1024K, reserved 1048576K
}
Event: 12.519 GC heap after
{Heap after GC invocations=5 (full 0):
 garbage-first heap   total 131072K, used 18037K [0x0000000081e00000, 0x0000000100000000)
  region size 1024K, 4 young (4096K), 4 survivors (4096K)
 Metaspace       used 8792K, committed 9024K, reserved 1114112K
  class space    used 898K, committed 1024K, reserved 1048576K
}
Event: 15.489 GC heap before
{Heap before GC invocations=5 (full 0):
 garbage-first heap   total 131072K, used 91765K [0x0000000081e00000, 0x0000000100000000)
  region size 1024K, 76 young (77824K), 4 survivors (4096K)
 Metaspace       used 8811K, committed 9088K, reserved 1114112K
  class space    used 898K, committed 1024K, reserved 1048576K
}
Event: 15.494 GC heap after
{Heap after GC invocations=6 (full 0):
 garbage-first heap   total 131072K, used 17170K [0x0000000081e00000, 0x0000000100000000)
  region size 1024K, 5 young (5120K), 5 survivors (5120K)
 Metaspace       used 8811K, committed 9088K, reserved 1114112K
  class space    used 898K, committed 1024K, reserved 1048576K
}
Event: 18.432 GC heap before
{Heap before GC invocations=6 (full 0):
 garbage-first heap   total 131072K, used 89874K [0x0000000081e00000, 0x0000000100000000)
  region size 1024K, 76 young (77824K), 5 survivors (5120K)
 Metaspace       used 8813K, committed 9088K, reserved 1114112K
  class space    used 898K, committed 1024K, reserved 1048576K
}
Event: 18.438 GC heap after
{Heap after GC invocations=7 (full 0):
 garbage-first heap   total 131072K, used 17106K [0x0000000081e00000, 0x0000000100000000)
  region size 1024K, 5 young (5120K), 5 survivors (5120K)
 Metaspace       used 8813K, committed 9088K, reserved 1114112K
  class space    used 898K, committed 1024K, reserved 1048576K
}
Event: 21.338 GC heap before
{Heap before GC invocations=7 (full 0):
 garbage-first heap   total 131072K, used 92882K [0x0000000081e00000, 0x0000000100000000)
  region size 1024K, 76 young (77824K), 5 survivors (5120K)
 Metaspace       used 8830K, committed 9088K, reserved 1114112K
  class space    used 898K, committed 1024K, reserved 1048576K
}
Event: 21.343 GC heap after
{Heap after GC invocations=8 (full 0):
 garbage-first heap   total 131072K, used 21103K [0x0000000081e00000, 0x0000000100000000)
  region size 1024K, 4 young (4096K), 4 survivors (4096K)
 Metaspace       used 8830K, committed 9088K, reserved 1114112K
  class space    used 898K, committed 1024K, reserved 1048576K
}

