# JRE version: Java(TM) SE Runtime Environment (19.0.1+10) (build 19.0.1+10-21)
# Java VM: Java HotSpot(TM) 64-Bit Server VM (19.0.1+10-21, mixed mode, sharing, tiered, compressed oops, compressed class ptrs, g1 gc, windows-amd64)
GC Precious Log:
 CardTable entry size: 512
 Card Set container configuration: InlinePtr #cards 5 size 8 Array Of Cards #cards 12 size 40 Howl #buckets 4 coarsen threshold 1843 Howl Bitmap #cards 512 size 80 coarsen threshold 460 Card regions per heap region 1 cards per card region 2048
 CPUs: 8 total, 8 available
 Memory: 8066M
 Large Page Support: Disabled
 NUMA Support: Disabled
 Compressed Oops: Enabled (32-bit)
 Heap Region Size: 1M
 Heap Min Capacity: 8M
 Heap Initial Capacity: 128M
 Heap Max Capacity: 2018M
 Pre-touch: Disabled
 Parallel Workers: 8
 Concurrent Workers: 2
 Concurrent Refinement Workers: 8
 Periodic GC: Disabled
Heap:
 garbage-first heap   total 131072K, used 55767K [0x0000000081e00000, 0x0000000100000000)
  region size 1024K, 38 young (38912K), 4 survivors (4096K)
 Metaspace       used 8950K, committed 9216K, reserved 1114112K
  class space    used 903K, committed 1024K, reserved 1048576K
GC Heap History (18 events):
Event: 1.440 GC heap before
{Heap before GC invocations=0 (full 0):
 garbage-first heap   total 131072K, used 24576K [0x0000000081e00000, 0x0000000100000000)
  region size 1024K, 23 young (23552K), 0 survivors (0K)
 Metaspace       used 7986K, committed 8256K, reserved 1114112K
  class space    used 870K, committed 960K, reserved 1048576K
}
Event: 1.447 GC heap after
{Heap after GC invocations=1 (full 0):
 garbage-first heap   total 131072K, used 5677K [0x0000000081e00000, 0x0000000100000000)
  region size 1024K, 3 young (3072K), 3 survivors (3072K)
 Metaspace       used 7986K, committed 8256K, reserved 1114112K
  class space    used 870K, committed 960K, reserved 1048576K
}
Event: 2.177 GC heap before
{Heap before GC invocations=1 (full 0):
 garbage-first heap   total 131072K, used 39469K [0x0000000081e00000, 0x0000000100000000)
  region size 1024K, 34 young (34816K), 3 survivors (3072K)
 Metaspace       used 8225K, committed 8512K, reserved 1114112K
  class space    used 890K, committed 1024K, reserved 1048576K
}
Event: 2.182 GC heap after
{Heap after GC invocations=2 (full 0):
 garbage-first heap   total 131072K, used 10906K [0x0000000081e00000, 0x0000000100000000)
  region size 1024K, 3 young (3072K), 3 survivors (3072K)
 Metaspace       used 8225K, committed 8512K, reserved 1114112K
  class space    used 890K, committed 1024K, reserved 1048576K
}
Event: 4.722 GC heap before
{Heap before GC invocations=2 (full 0):
 garbage-first heap   total 131072K, used 85658K [0x0000000081e00000, 0x0000000100000000)
  region size 1024K, 76 young (77824K), 3 survivors (3072K)
 Metaspace       used 8601K, committed 8896K, reserved 1114112K
  class space    used 894K, committed 1024K, reserved 1048576K
}
Event: 4.724 GC heap after
{Heap after GC invocations=3 (full 0):
 garbage-first heap   total 131072K, used 10674K [0x0000000081e00000, 0x0000000100000000)
  region size 1024K, 2 young (2048K), 2 survivors (2048K)
 Metaspace       used 8601K, committed 8896K, reserved 1114112K
  class space    used 894K, committed 1024K, reserved 1048576K
}
Event: 8.261 GC heap before
{Heap before GC invocations=3 (full 0):
 garbage-first heap   total 131072K, used 86450K [0x0000000081e00000, 0x0000000100000000)
  region size 1024K, 76 young (77824K), 2 survivors (2048K)
 Metaspace       used 8777K, committed 9024K, reserved 1114112K
  class space    used 895K, committed 1024K, reserved 1048576K
}
Event: 8.263 GC heap after
{Heap after GC invocations=4 (full 0):
 garbage-first heap   total 131072K, used 10531K [0x0000000081e00000, 0x0000000100000000)
  region size 1024K, 2 young (2048K), 2 survivors (2048K)
 Metaspace       used 8777K, committed 9024K, reserved 1114112K
  class space    used 895K, committed 1024K, reserved 1048576K
}
Event: 31.956 GC heap before
{Heap before GC invocations=4 (full 0):
 garbage-first heap   total 131072K, used 90403K [0x0000000081e00000, 0x0000000100000000)
  region size 1024K, 76 young (77824K), 2 survivors (2048K)
 Metaspace       used 8892K, committed 9152K, reserved 1114112K
  class space    used 903K, committed 1024K, reserved 1048576K
}
Event: 31.960 GC heap after
{Heap after GC invocations=5 (full 0):
 garbage-first heap   total 131072K, used 17654K [0x0000000081e00000, 0x0000000100000000)
  region size 1024K, 4 young (4096K), 4 survivors (4096K)
 Metaspace       used 8892K, committed 9152K, reserved 1114112K
  class space    used 903K, committed 1024K, reserved 1048576K
}
Event: 34.717 GC heap before
{Heap before GC invocations=5 (full 0):
 garbage-first heap   total 131072K, used 91382K [0x0000000081e00000, 0x0000000100000000)
  region size 1024K, 76 young (77824K), 4 survivors (4096K)
 Metaspace       used 8892K, committed 9152K, reserved 1114112K
  class space    used 903K, committed 1024K, reserved 1048576K
}
Event: 34.720 GC heap after
{Heap after GC invocations=6 (full 0):
 garbage-first heap   total 131072K, used 16788K [0x0000000081e00000, 0x0000000100000000)
  region size 1024K, 4 young (4096K), 4 survivors (4096K)
 Metaspace       used 8892K, committed 9152K, reserved 1114112K
  class space    used 903K, committed 1024K, reserved 1048576K
}
Event: 38.502 GC heap before
{Heap before GC invocations=6 (full 0):
 garbage-first heap   total 131072K, used 90516K [0x0000000081e00000, 0x0000000100000000)
  region size 1024K, 76 young (77824K), 4 survivors (4096K)
 Metaspace       used 8898K, committed 9216K, reserved 1114112K
  class space    used 903K, committed 1024K, reserved 1048576K
}
Event: 38.504 GC heap after
{Heap after GC invocations=7 (full 0):
 garbage-first heap   total 131072K, used 16624K [0x0000000081e00000, 0x0000000100000000)
  region size 1024K, 4 young (4096K), 4 survivors (4096K)
 Metaspace       used 8898K, committed 9216K, reserved 1114112K
  class space    used 903K, committed 1024K, reserved 1048576K
}
Event: 41.699 GC heap before
{Heap before GC invocations=7 (full 0):
 garbage-first heap   total 131072K, used 90352K [0x0000000081e00000, 0x0000000100000000)
  region size 1024K, 76 young (77824K), 4 survivors (4096K)
 Metaspace       used 8920K, committed 9216K, reserved 1114112K
  class space    used 903K, committed 1024K, reserved 1048576K
}
Event: 41.701 GC heap after
{Heap after GC invocations=8 (full 0):
 garbage-first heap   total 131072K, used 16842K [0x0000000081e00000, 0x0000000100000000)
  region size 1024K, 4 young (4096K), 4 survivors (4096K)
 Metaspace       used 8920K, committed 9216K, reserved 1114112K
  class space    used 903K, committed 1024K, reserved 1048576K
}
Event: 45.325 GC heap before
{Heap before GC invocations=8 (full 0):
 garbage-first heap   total 131072K, used 94666K [0x0000000081e00000, 0x0000000100000000)
  region size 1024K, 76 young (77824K), 4 survivors (4096K)
 Metaspace       used 8947K, committed 9216K, reserved 1114112K
  class space    used 903K, committed 1024K, reserved 1048576K
}
Event: 45.329 GC heap after
{Heap after GC invocations=9 (full 0):
 garbage-first heap   total 131072K, used 21975K [0x0000000081e00000, 0x0000000100000000)
  region size 1024K, 4 young (4096K), 4 survivors (4096K)
 Metaspace       used 8947K, committed 9216K, reserved 1114112K
  class space    used 903K, committed 1024K, reserved 1048576K
}

