# JRE version: Java(TM) SE Runtime Environment (19.0.1+10) (build 19.0.1+10-21)
# Java VM: Java HotSpot(TM) 64-Bit Server VM (19.0.1+10-21, mixed mode, sharing, tiered, compressed oops, compressed class ptrs, g1 gc, windows-amd64)
GC Precious Log:
 CardTable entry size: 512
 Card Set container configuration: InlinePtr #cards 5 size 8 Array Of Cards #cards 12 size 40 Howl #buckets 4 coarsen threshold 1843 Howl Bitmap #cards 512 size 80 coarsen threshold 460 Card regions per heap region 1 cards per card region 2048
 CPUs: 8 total, 8 available
 Memory: 8066M
 Large Page Support: Disabled
 NUMA Support: Disabled
 Compressed Oops: Enabled (32-bit)
 Heap Region Size: 1M
 Heap Min Capacity: 8M
 Heap Initial Capacity: 128M
 Heap Max Capacity: 2018M
 Pre-touch: Disabled
 Parallel Workers: 8
 Concurrent Workers: 2
 Concurrent Refinement Workers: 8
 Periodic GC: Disabled
Heap:
 garbage-first heap   total 131072K, used 22947K [0x0000000081e00000, 0x0000000100000000)
  region size 1024K, 6 young (6144K), 4 survivors (4096K)
 Metaspace       used 8948K, committed 9216K, reserved 1114112K
  class space    used 903K, committed 1024K, reserved 1048576K
GC Heap History (18 events):
Event: 1.355 GC heap before
{Heap before GC invocations=0 (full 0):
 garbage-first heap   total 131072K, used 24576K [0x0000000081e00000, 0x0000000100000000)
  region size 1024K, 23 young (23552K), 0 survivors (0K)
 Metaspace       used 7973K, committed 8192K, reserved 1114112K
  class space    used 868K, committed 960K, reserved 1048576K
}
Event: 1.359 GC heap after
{Heap after GC invocations=1 (full 0):
 garbage-first heap   total 131072K, used 6039K [0x0000000081e00000, 0x0000000100000000)
  region size 1024K, 3 young (3072K), 3 survivors (3072K)
 Metaspace       used 7973K, committed 8192K, reserved 1114112K
  class space    used 868K, committed 960K, reserved 1048576K
}
Event: 2.023 GC heap before
{Heap before GC invocations=1 (full 0):
 garbage-first heap   total 131072K, used 39831K [0x0000000081e00000, 0x0000000100000000)
  region size 1024K, 34 young (34816K), 3 survivors (3072K)
 Metaspace       used 8230K, committed 8512K, reserved 1114112K
  class space    used 890K, committed 1024K, reserved 1048576K
}
Event: 2.026 GC heap after
{Heap after GC invocations=2 (full 0):
 garbage-first heap   total 131072K, used 10882K [0x0000000081e00000, 0x0000000100000000)
  region size 1024K, 2 young (2048K), 2 survivors (2048K)
 Metaspace       used 8230K, committed 8512K, reserved 1114112K
  class space    used 890K, committed 1024K, reserved 1048576K
}
Event: 4.549 GC heap before
{Heap before GC invocations=2 (full 0):
 garbage-first heap   total 131072K, used 86658K [0x0000000081e00000, 0x0000000100000000)
  region size 1024K, 76 young (77824K), 2 survivors (2048K)
 Metaspace       used 8618K, committed 8896K, reserved 1114112K
  class space    used 894K, committed 1024K, reserved 1048576K
}
Event: 4.552 GC heap after
{Heap after GC invocations=3 (full 0):
 garbage-first heap   total 131072K, used 10879K [0x0000000081e00000, 0x0000000100000000)
  region size 1024K, 2 young (2048K), 2 survivors (2048K)
 Metaspace       used 8618K, committed 8896K, reserved 1114112K
  class space    used 894K, committed 1024K, reserved 1048576K
}
Event: 8.092 GC heap before
{Heap before GC invocations=3 (full 0):
 garbage-first heap   total 131072K, used 86655K [0x0000000081e00000, 0x0000000100000000)
  region size 1024K, 76 young (77824K), 2 survivors (2048K)
 Metaspace       used 8783K, committed 9024K, reserved 1114112K
  class space    used 896K, committed 1024K, reserved 1048576K
}
Event: 8.094 GC heap after
{Heap after GC invocations=4 (full 0):
 garbage-first heap   total 131072K, used 10698K [0x0000000081e00000, 0x0000000100000000)
  region size 1024K, 2 young (2048K), 2 survivors (2048K)
 Metaspace       used 8783K, committed 9024K, reserved 1114112K
  class space    used 896K, committed 1024K, reserved 1048576K
}
Event: 11.349 GC heap before
{Heap before GC invocations=4 (full 0):
 garbage-first heap   total 131072K, used 86474K [0x0000000081e00000, 0x0000000100000000)
  region size 1024K, 76 young (77824K), 2 survivors (2048K)
 Metaspace       used 8820K, committed 9152K, reserved 1114112K
  class space    used 896K, committed 1024K, reserved 1048576K
}
Event: 11.350 GC heap after
{Heap after GC invocations=5 (full 0):
 garbage-first heap   total 131072K, used 10692K [0x0000000081e00000, 0x0000000100000000)
  region size 1024K, 2 young (2048K), 2 survivors (2048K)
 Metaspace       used 8820K, committed 9152K, reserved 1114112K
  class space    used 896K, committed 1024K, reserved 1048576K
}
Event: 15.056 GC heap before
{Heap before GC invocations=5 (full 0):
 garbage-first heap   total 131072K, used 89540K [0x0000000081e00000, 0x0000000100000000)
  region size 1024K, 76 young (77824K), 2 survivors (2048K)
 Metaspace       used 8880K, committed 9152K, reserved 1114112K
  class space    used 900K, committed 1024K, reserved 1048576K
}
Event: 15.059 GC heap after
{Heap after GC invocations=6 (full 0):
 garbage-first heap   total 131072K, used 16112K [0x0000000081e00000, 0x0000000100000000)
  region size 1024K, 4 young (4096K), 4 survivors (4096K)
 Metaspace       used 8880K, committed 9152K, reserved 1114112K
  class space    used 900K, committed 1024K, reserved 1048576K
}
Event: 19.601 GC heap before
{Heap before GC invocations=6 (full 0):
 garbage-first heap   total 131072K, used 89840K [0x0000000081e00000, 0x0000000100000000)
  region size 1024K, 76 young (77824K), 4 survivors (4096K)
 Metaspace       used 8907K, committed 9152K, reserved 1114112K
  class space    used 903K, committed 1024K, reserved 1048576K
}
Event: 19.604 GC heap after
{Heap after GC invocations=7 (full 0):
 garbage-first heap   total 131072K, used 17748K [0x0000000081e00000, 0x0000000100000000)
  region size 1024K, 4 young (4096K), 4 survivors (4096K)
 Metaspace       used 8907K, committed 9152K, reserved 1114112K
  class space    used 903K, committed 1024K, reserved 1048576K
}
Event: 22.555 GC heap before
{Heap before GC invocations=7 (full 0):
 garbage-first heap   total 131072K, used 91476K [0x0000000081e00000, 0x0000000100000000)
  region size 1024K, 76 young (77824K), 4 survivors (4096K)
 Metaspace       used 8919K, committed 9216K, reserved 1114112K
  class space    used 903K, committed 1024K, reserved 1048576K
}
Event: 22.557 GC heap after
{Heap after GC invocations=8 (full 0):
 garbage-first heap   total 131072K, used 16729K [0x0000000081e00000, 0x0000000100000000)
  region size 1024K, 4 young (4096K), 4 survivors (4096K)
 Metaspace       used 8919K, committed 9216K, reserved 1114112K
  class space    used 903K, committed 1024K, reserved 1048576K
}
Event: 25.418 GC heap before
{Heap before GC invocations=8 (full 0):
 garbage-first heap   total 131072K, used 93529K [0x0000000081e00000, 0x0000000100000000)
  region size 1024K, 76 young (77824K), 4 survivors (4096K)
 Metaspace       used 8944K, committed 9216K, reserved 1114112K
  class space    used 903K, committed 1024K, reserved 1048576K
}
Event: 25.420 GC heap after
{Heap after GC invocations=9 (full 0):
 garbage-first heap   total 131072K, used 20899K [0x0000000081e00000, 0x0000000100000000)
  region size 1024K, 4 young (4096K), 4 survivors (4096K)
 Metaspace       used 8944K, committed 9216K, reserved 1114112K
  class space    used 903K, committed 1024K, reserved 1048576K
}

