# JRE version: Java(TM) SE Runtime Environment (19.0.1+10) (build 19.0.1+10-21)
# Java VM: Java HotSpot(TM) 64-Bit Server VM (19.0.1+10-21, mixed mode, sharing, tiered, compressed oops, compressed class ptrs, g1 gc, windows-amd64)
GC Precious Log:
 CardTable entry size: 512
 Card Set container configuration: InlinePtr #cards 5 size 8 Array Of Cards #cards 12 size 40 Howl #buckets 4 coarsen threshold 1843 Howl Bitmap #cards 512 size 80 coarsen threshold 460 Card regions per heap region 1 cards per card region 2048
 CPUs: 8 total, 8 available
 Memory: 8066M
 Large Page Support: Disabled
 NUMA Support: Disabled
 Compressed Oops: Enabled (32-bit)
 Heap Region Size: 1M
 Heap Min Capacity: 8M
 Heap Initial Capacity: 128M
 Heap Max Capacity: 2018M
 Pre-touch: Disabled
 Parallel Workers: 8
 Concurrent Workers: 2
 Concurrent Refinement Workers: 8
 Periodic GC: Disabled
Heap:
 garbage-first heap   total 131072K, used 24677K [0x0000000081e00000, 0x0000000100000000)
  region size 1024K, 8 young (8192K), 5 survivors (5120K)
 Metaspace       used 8999K, committed 9216K, reserved 1114112K
  class space    used 908K, committed 1024K, reserved 1048576K
GC Heap History (10 events):
Event: 1.297 GC heap before
{Heap before GC invocations=0 (full 0):
 garbage-first heap   total 131072K, used 24576K [0x0000000081e00000, 0x0000000100000000)
  region size 1024K, 23 young (23552K), 0 survivors (0K)
 Metaspace       used 7988K, committed 8192K, reserved 1114112K
  class space    used 868K, committed 960K, reserved 1048576K
}
Event: 1.301 GC heap after
{Heap after GC invocations=1 (full 0):
 garbage-first heap   total 131072K, used 6044K [0x0000000081e00000, 0x0000000100000000)
  region size 1024K, 3 young (3072K), 3 survivors (3072K)
 Metaspace       used 7988K, committed 8192K, reserved 1114112K
  class space    used 868K, committed 960K, reserved 1048576K
}
Event: 2.416 GC heap before
{Heap before GC invocations=1 (full 0):
 garbage-first heap   total 131072K, used 39836K [0x0000000081e00000, 0x0000000100000000)
  region size 1024K, 34 young (34816K), 3 survivors (3072K)
 Metaspace       used 8307K, committed 8512K, reserved 1114112K
  class space    used 896K, committed 1024K, reserved 1048576K
}
Event: 2.419 GC heap after
{Heap after GC invocations=2 (full 0):
 garbage-first heap   total 131072K, used 11063K [0x0000000081e00000, 0x0000000100000000)
  region size 1024K, 3 young (3072K), 3 survivors (3072K)
 Metaspace       used 8307K, committed 8512K, reserved 1114112K
  class space    used 896K, committed 1024K, reserved 1048576K
}
Event: 8.284 GC heap before
{Heap before GC invocations=2 (full 0):
 garbage-first heap   total 131072K, used 88887K [0x0000000081e00000, 0x0000000100000000)
  region size 1024K, 76 young (77824K), 3 survivors (3072K)
 Metaspace       used 8782K, committed 9024K, reserved 1114112K
  class space    used 900K, committed 1024K, reserved 1048576K
}
Event: 8.287 GC heap after
{Heap after GC invocations=3 (full 0):
 garbage-first heap   total 131072K, used 16545K [0x0000000081e00000, 0x0000000100000000)
  region size 1024K, 4 young (4096K), 4 survivors (4096K)
 Metaspace       used 8782K, committed 9024K, reserved 1114112K
  class space    used 900K, committed 1024K, reserved 1048576K
}
Event: 18.906 GC heap before
{Heap before GC invocations=3 (full 0):
 garbage-first heap   total 131072K, used 90273K [0x0000000081e00000, 0x0000000100000000)
  region size 1024K, 76 young (77824K), 4 survivors (4096K)
 Metaspace       used 8904K, committed 9152K, reserved 1114112K
  class space    used 905K, committed 1024K, reserved 1048576K
}
Event: 18.909 GC heap after
{Heap after GC invocations=4 (full 0):
 garbage-first heap   total 131072K, used 17914K [0x0000000081e00000, 0x0000000100000000)
  region size 1024K, 4 young (4096K), 4 survivors (4096K)
 Metaspace       used 8904K, committed 9152K, reserved 1114112K
  class space    used 905K, committed 1024K, reserved 1048576K
}
Event: 31.447 GC heap before
{Heap before GC invocations=4 (full 0):
 garbage-first heap   total 131072K, used 95738K [0x0000000081e00000, 0x0000000100000000)
  region size 1024K, 76 young (77824K), 4 survivors (4096K)
 Metaspace       used 8987K, committed 9216K, reserved 1114112K
  class space    used 908K, committed 1024K, reserved 1048576K
}
Event: 31.450 GC heap after
{Heap after GC invocations=5 (full 0):
 garbage-first heap   total 131072K, used 22629K [0x0000000081e00000, 0x0000000100000000)
  region size 1024K, 5 young (5120K), 5 survivors (5120K)
 Metaspace       used 8987K, committed 9216K, reserved 1114112K
  class space    used 908K, committed 1024K, reserved 1048576K
}

