# JRE version: Java(TM) SE Runtime Environment (19.0.1+10) (build 19.0.1+10-21)
# Java VM: Java HotSpot(TM) 64-Bit Server VM (19.0.1+10-21, mixed mode, sharing, tiered, compressed oops, compressed class ptrs, g1 gc, windows-amd64)
GC Precious Log:
 CardTable entry size: 512
 Card Set container configuration: InlinePtr #cards 5 size 8 Array Of Cards #cards 12 size 40 Howl #buckets 4 coarsen threshold 1843 Howl Bitmap #cards 512 size 80 coarsen threshold 460 Card regions per heap region 1 cards per card region 2048
 CPUs: 8 total, 8 available
 Memory: 8066M
 Large Page Support: Disabled
 NUMA Support: Disabled
 Compressed Oops: Enabled (32-bit)
 Heap Region Size: 1M
 Heap Min Capacity: 8M
 Heap Initial Capacity: 128M
 Heap Max Capacity: 2018M
 Pre-touch: Disabled
 Parallel Workers: 8
 Concurrent Workers: 2
 Concurrent Refinement Workers: 8
 Periodic GC: Disabled
Heap:
 garbage-first heap   total 131072K, used 40658K [0x0000000081e00000, 0x0000000100000000)
  region size 1024K, 23 young (23552K), 5 survivors (5120K)
 Metaspace       used 9046K, committed 9280K, reserved 1114112K
  class space    used 912K, committed 1024K, reserved 1048576K
GC Heap History (20 events):
Event: 1.350 GC heap before
{Heap before GC invocations=0 (full 0):
 garbage-first heap   total 131072K, used 24576K [0x0000000081e00000, 0x0000000100000000)
  region size 1024K, 23 young (23552K), 0 survivors (0K)
 Metaspace       used 7974K, committed 8192K, reserved 1114112K
  class space    used 868K, committed 960K, reserved 1048576K
}
Event: 1.355 GC heap after
{Heap after GC invocations=1 (full 0):
 garbage-first heap   total 131072K, used 5974K [0x0000000081e00000, 0x0000000100000000)
  region size 1024K, 3 young (3072K), 3 survivors (3072K)
 Metaspace       used 7974K, committed 8192K, reserved 1114112K
  class space    used 868K, committed 960K, reserved 1048576K
}
Event: 2.372 GC heap before
{Heap before GC invocations=1 (full 0):
 garbage-first heap   total 131072K, used 39766K [0x0000000081e00000, 0x0000000100000000)
  region size 1024K, 34 young (34816K), 3 survivors (3072K)
 Metaspace       used 8293K, committed 8512K, reserved 1114112K
  class space    used 895K, committed 1024K, reserved 1048576K
}
Event: 2.375 GC heap after
{Heap after GC invocations=2 (full 0):
 garbage-first heap   total 131072K, used 11014K [0x0000000081e00000, 0x0000000100000000)
  region size 1024K, 3 young (3072K), 3 survivors (3072K)
 Metaspace       used 8293K, committed 8512K, reserved 1114112K
  class space    used 895K, committed 1024K, reserved 1048576K
}
Event: 8.194 GC heap before
{Heap before GC invocations=2 (full 0):
 garbage-first heap   total 131072K, used 85766K [0x0000000081e00000, 0x0000000100000000)
  region size 1024K, 76 young (77824K), 3 survivors (3072K)
 Metaspace       used 8740K, committed 9024K, reserved 1114112K
  class space    used 895K, committed 1024K, reserved 1048576K
}
Event: 8.195 GC heap after
{Heap after GC invocations=3 (full 0):
 garbage-first heap   total 131072K, used 10814K [0x0000000081e00000, 0x0000000100000000)
  region size 1024K, 2 young (2048K), 2 survivors (2048K)
 Metaspace       used 8740K, committed 9024K, reserved 1114112K
  class space    used 895K, committed 1024K, reserved 1048576K
}
Event: 15.352 GC heap before
{Heap before GC invocations=3 (full 0):
 garbage-first heap   total 131072K, used 86590K [0x0000000081e00000, 0x0000000100000000)
  region size 1024K, 76 young (77824K), 2 survivors (2048K)
 Metaspace       used 8786K, committed 9024K, reserved 1114112K
  class space    used 895K, committed 1024K, reserved 1048576K
}
Event: 15.354 GC heap after
{Heap after GC invocations=4 (full 0):
 garbage-first heap   total 131072K, used 10556K [0x0000000081e00000, 0x0000000100000000)
  region size 1024K, 2 young (2048K), 2 survivors (2048K)
 Metaspace       used 8786K, committed 9024K, reserved 1114112K
  class space    used 895K, committed 1024K, reserved 1048576K
}
Event: 18.596 GC heap before
{Heap before GC invocations=4 (full 0):
 garbage-first heap   total 131072K, used 87356K [0x0000000081e00000, 0x0000000100000000)
  region size 1024K, 76 young (77824K), 2 survivors (2048K)
 Metaspace       used 8896K, committed 9152K, reserved 1114112K
  class space    used 901K, committed 1024K, reserved 1048576K
}
Event: 18.598 GC heap after
{Heap after GC invocations=5 (full 0):
 garbage-first heap   total 131072K, used 11794K [0x0000000081e00000, 0x0000000100000000)
  region size 1024K, 2 young (2048K), 2 survivors (2048K)
 Metaspace       used 8896K, committed 9152K, reserved 1114112K
  class space    used 901K, committed 1024K, reserved 1048576K
}
Event: 21.220 GC heap before
{Heap before GC invocations=5 (full 0):
 garbage-first heap   total 131072K, used 87570K [0x0000000081e00000, 0x0000000100000000)
  region size 1024K, 76 young (77824K), 2 survivors (2048K)
 Metaspace       used 8899K, committed 9152K, reserved 1114112K
  class space    used 901K, committed 1024K, reserved 1048576K
}
Event: 21.222 GC heap after
{Heap after GC invocations=6 (full 0):
 garbage-first heap   total 131072K, used 11618K [0x0000000081e00000, 0x0000000100000000)
  region size 1024K, 2 young (2048K), 2 survivors (2048K)
 Metaspace       used 8899K, committed 9152K, reserved 1114112K
  class space    used 901K, committed 1024K, reserved 1048576K
}
Event: 24.943 GC heap before
{Heap before GC invocations=6 (full 0):
 garbage-first heap   total 131072K, used 91490K [0x0000000081e00000, 0x0000000100000000)
  region size 1024K, 76 young (77824K), 2 survivors (2048K)
 Metaspace       used 8989K, committed 9216K, reserved 1114112K
  class space    used 911K, committed 1024K, reserved 1048576K
}
Event: 24.946 GC heap after
{Heap after GC invocations=7 (full 0):
 garbage-first heap   total 131072K, used 18937K [0x0000000081e00000, 0x0000000100000000)
  region size 1024K, 4 young (4096K), 4 survivors (4096K)
 Metaspace       used 8989K, committed 9216K, reserved 1114112K
  class space    used 911K, committed 1024K, reserved 1048576K
}
Event: 38.468 GC heap before
{Heap before GC invocations=7 (full 0):
 garbage-first heap   total 131072K, used 92665K [0x0000000081e00000, 0x0000000100000000)
  region size 1024K, 76 young (77824K), 4 survivors (4096K)
 Metaspace       used 9004K, committed 9216K, reserved 1114112K
  class space    used 911K, committed 1024K, reserved 1048576K
}
Event: 38.471 GC heap after
{Heap after GC invocations=8 (full 0):
 garbage-first heap   total 131072K, used 17868K [0x0000000081e00000, 0x0000000100000000)
  region size 1024K, 4 young (4096K), 4 survivors (4096K)
 Metaspace       used 9004K, committed 9216K, reserved 1114112K
  class space    used 911K, committed 1024K, reserved 1048576K
}
Event: 42.008 GC heap before
{Heap before GC invocations=8 (full 0):
 garbage-first heap   total 131072K, used 91596K [0x0000000081e00000, 0x0000000100000000)
  region size 1024K, 76 young (77824K), 4 survivors (4096K)
 Metaspace       used 9007K, committed 9216K, reserved 1114112K
  class space    used 912K, committed 1024K, reserved 1048576K
}
Event: 42.010 GC heap after
{Heap after GC invocations=9 (full 0):
 garbage-first heap   total 131072K, used 17752K [0x0000000081e00000, 0x0000000100000000)
  region size 1024K, 4 young (4096K), 4 survivors (4096K)
 Metaspace       used 9007K, committed 9216K, reserved 1114112K
  class space    used 912K, committed 1024K, reserved 1048576K
}
Event: 45.914 GC heap before
{Heap before GC invocations=9 (full 0):
 garbage-first heap   total 131072K, used 95576K [0x0000000081e00000, 0x0000000100000000)
  region size 1024K, 76 young (77824K), 4 survivors (4096K)
 Metaspace       used 9045K, committed 9280K, reserved 1114112K
  class space    used 912K, committed 1024K, reserved 1048576K
}
Event: 45.918 GC heap after
{Heap after GC invocations=10 (full 0):
 garbage-first heap   total 131072K, used 23250K [0x0000000081e00000, 0x0000000100000000)
  region size 1024K, 5 young (5120K), 5 survivors (5120K)
 Metaspace       used 9045K, committed 9280K, reserved 1114112K
  class space    used 912K, committed 1024K, reserved 1048576K
}

