# JRE version: Java(TM) SE Runtime Environment (19.0.1+10) (build 19.0.1+10-21)
# Java VM: Java HotSpot(TM) 64-Bit Server VM (19.0.1+10-21, mixed mode, sharing, tiered, compressed oops, compressed class ptrs, g1 gc, windows-amd64)
GC Precious Log:
 CardTable entry size: 512
 Card Set container configuration: InlinePtr #cards 5 size 8 Array Of Cards #cards 12 size 40 Howl #buckets 4 coarsen threshold 1843 Howl Bitmap #cards 512 size 80 coarsen threshold 460 Card regions per heap region 1 cards per card region 2048
 CPUs: 8 total, 8 available
 Memory: 8066M
 Large Page Support: Disabled
 NUMA Support: Disabled
 Compressed Oops: Enabled (32-bit)
 Heap Region Size: 1M
 Heap Min Capacity: 8M
 Heap Initial Capacity: 128M
 Heap Max Capacity: 2018M
 Pre-touch: Disabled
 Parallel Workers: 8
 Concurrent Workers: 2
 Concurrent Refinement Workers: 8
 Periodic GC: Disabled
Heap:
 garbage-first heap   total 131072K, used 63735K [0x0000000081e00000, 0x0000000100000000)
  region size 1024K, 45 young (46080K), 3 survivors (3072K)
 Metaspace       used 9223K, committed 9472K, reserved 1114112K
  class space    used 912K, committed 1024K, reserved 1048576K
GC Heap History (20 events):
Event: 938.184 GC heap before
{Heap before GC invocations=10 (full 0):
 garbage-first heap   total 131072K, used 89980K [0x0000000081e00000, 0x0000000100000000)
  region size 1024K, 76 young (77824K), 4 survivors (4096K)
 Metaspace       used 9185K, committed 9472K, reserved 1114112K
  class space    used 911K, committed 1024K, reserved 1048576K
}
Event: 938.192 GC heap after
{Heap after GC invocations=11 (full 0):
 garbage-first heap   total 131072K, used 16286K [0x0000000081e00000, 0x0000000100000000)
  region size 1024K, 4 young (4096K), 4 survivors (4096K)
 Metaspace       used 9185K, committed 9472K, reserved 1114112K
  class space    used 911K, committed 1024K, reserved 1048576K
}
Event: 941.438 GC heap before
{Heap before GC invocations=11 (full 0):
 garbage-first heap   total 131072K, used 90014K [0x0000000081e00000, 0x0000000100000000)
  region size 1024K, 76 young (77824K), 4 survivors (4096K)
 Metaspace       used 9186K, committed 9472K, reserved 1114112K
  class space    used 911K, committed 1024K, reserved 1048576K
}
Event: 941.445 GC heap after
{Heap after GC invocations=12 (full 0):
 garbage-first heap   total 131072K, used 16052K [0x0000000081e00000, 0x0000000100000000)
  region size 1024K, 4 young (4096K), 4 survivors (4096K)
 Metaspace       used 9186K, committed 9472K, reserved 1114112K
  class space    used 911K, committed 1024K, reserved 1048576K
}
Event: 1048.606 GC heap before
{Heap before GC invocations=12 (full 0):
 garbage-first heap   total 131072K, used 89780K [0x0000000081e00000, 0x0000000100000000)
  region size 1024K, 76 young (77824K), 4 survivors (4096K)
 Metaspace       used 9189K, committed 9472K, reserved 1114112K
  class space    used 912K, committed 1024K, reserved 1048576K
}
Event: 1048.613 GC heap after
{Heap after GC invocations=13 (full 0):
 garbage-first heap   total 131072K, used 16422K [0x0000000081e00000, 0x0000000100000000)
  region size 1024K, 4 young (4096K), 4 survivors (4096K)
 Metaspace       used 9189K, committed 9472K, reserved 1114112K
  class space    used 912K, committed 1024K, reserved 1048576K
}
Event: 1068.550 GC heap before
{Heap before GC invocations=13 (full 0):
 garbage-first heap   total 131072K, used 90150K [0x0000000081e00000, 0x0000000100000000)
  region size 1024K, 76 young (77824K), 4 survivors (4096K)
 Metaspace       used 9192K, committed 9472K, reserved 1114112K
  class space    used 912K, committed 1024K, reserved 1048576K
}
Event: 1068.557 GC heap after
{Heap after GC invocations=14 (full 0):
 garbage-first heap   total 131072K, used 16246K [0x0000000081e00000, 0x0000000100000000)
  region size 1024K, 4 young (4096K), 4 survivors (4096K)
 Metaspace       used 9192K, committed 9472K, reserved 1114112K
  class space    used 912K, committed 1024K, reserved 1048576K
}
Event: 1071.907 GC heap before
{Heap before GC invocations=14 (full 0):
 garbage-first heap   total 131072K, used 89974K [0x0000000081e00000, 0x0000000100000000)
  region size 1024K, 76 young (77824K), 4 survivors (4096K)
 Metaspace       used 9192K, committed 9472K, reserved 1114112K
  class space    used 912K, committed 1024K, reserved 1048576K
}
Event: 1071.916 GC heap after
{Heap after GC invocations=15 (full 0):
 garbage-first heap   total 131072K, used 16344K [0x0000000081e00000, 0x0000000100000000)
  region size 1024K, 4 young (4096K), 4 survivors (4096K)
 Metaspace       used 9192K, committed 9472K, reserved 1114112K
  class space    used 912K, committed 1024K, reserved 1048576K
}
Event: 1075.418 GC heap before
{Heap before GC invocations=15 (full 0):
 garbage-first heap   total 131072K, used 90072K [0x0000000081e00000, 0x0000000100000000)
  region size 1024K, 76 young (77824K), 4 survivors (4096K)
 Metaspace       used 9195K, committed 9472K, reserved 1114112K
  class space    used 912K, committed 1024K, reserved 1048576K
}
Event: 1075.426 GC heap after
{Heap after GC invocations=16 (full 0):
 garbage-first heap   total 131072K, used 16345K [0x0000000081e00000, 0x0000000100000000)
  region size 1024K, 4 young (4096K), 4 survivors (4096K)
 Metaspace       used 9195K, committed 9472K, reserved 1114112K
  class space    used 912K, committed 1024K, reserved 1048576K
}
Event: 1078.598 GC heap before
{Heap before GC invocations=16 (full 0):
 garbage-first heap   total 131072K, used 90073K [0x0000000081e00000, 0x0000000100000000)
  region size 1024K, 76 young (77824K), 4 survivors (4096K)
 Metaspace       used 9195K, committed 9472K, reserved 1114112K
  class space    used 912K, committed 1024K, reserved 1048576K
}
Event: 1078.606 GC heap after
{Heap after GC invocations=17 (full 0):
 garbage-first heap   total 131072K, used 16360K [0x0000000081e00000, 0x0000000100000000)
  region size 1024K, 3 young (3072K), 3 survivors (3072K)
 Metaspace       used 9195K, committed 9472K, reserved 1114112K
  class space    used 912K, committed 1024K, reserved 1048576K
}
Event: 1082.392 GC heap before
{Heap before GC invocations=17 (full 0):
 garbage-first heap   total 131072K, used 91112K [0x0000000081e00000, 0x0000000100000000)
  region size 1024K, 76 young (77824K), 3 survivors (3072K)
 Metaspace       used 9197K, committed 9472K, reserved 1114112K
  class space    used 912K, committed 1024K, reserved 1048576K
}
Event: 1082.397 GC heap after
{Heap after GC invocations=18 (full 0):
 garbage-first heap   total 131072K, used 16203K [0x0000000081e00000, 0x0000000100000000)
  region size 1024K, 3 young (3072K), 3 survivors (3072K)
 Metaspace       used 9197K, committed 9472K, reserved 1114112K
  class space    used 912K, committed 1024K, reserved 1048576K
}
Event: 1267.242 GC heap before
{Heap before GC invocations=18 (full 0):
 garbage-first heap   total 131072K, used 90955K [0x0000000081e00000, 0x0000000100000000)
  region size 1024K, 76 young (77824K), 3 survivors (3072K)
 Metaspace       used 9198K, committed 9472K, reserved 1114112K
  class space    used 912K, committed 1024K, reserved 1048576K
}
Event: 1267.247 GC heap after
{Heap after GC invocations=19 (full 0):
 garbage-first heap   total 131072K, used 16229K [0x0000000081e00000, 0x0000000100000000)
  region size 1024K, 3 young (3072K), 3 survivors (3072K)
 Metaspace       used 9198K, committed 9472K, reserved 1114112K
  class space    used 912K, committed 1024K, reserved 1048576K
}
Event: 1520.522 GC heap before
{Heap before GC invocations=19 (full 0):
 garbage-first heap   total 131072K, used 95077K [0x0000000081e00000, 0x0000000100000000)
  region size 1024K, 76 young (77824K), 3 survivors (3072K)
 Metaspace       used 9221K, committed 9472K, reserved 1114112K
  class space    used 912K, committed 1024K, reserved 1048576K
}
Event: 1520.525 GC heap after
{Heap after GC invocations=20 (full 0):
 garbage-first heap   total 131072K, used 21751K [0x0000000081e00000, 0x0000000100000000)
  region size 1024K, 3 young (3072K), 3 survivors (3072K)
 Metaspace       used 9221K, committed 9472K, reserved 1114112K
  class space    used 912K, committed 1024K, reserved 1048576K
}

