# JRE version: Java(TM) SE Runtime Environment (19.0.1+10) (build 19.0.1+10-21)
# Java VM: Java HotSpot(TM) 64-Bit Server VM (19.0.1+10-21, mixed mode, sharing, tiered, compressed oops, compressed class ptrs, g1 gc, windows-amd64)
GC Precious Log:
 CardTable entry size: 512
 Card Set container configuration: InlinePtr #cards 5 size 8 Array Of Cards #cards 12 size 40 Howl #buckets 4 coarsen threshold 1843 Howl Bitmap #cards 512 size 80 coarsen threshold 460 Card regions per heap region 1 cards per card region 2048
 CPUs: 8 total, 8 available
 Memory: 8066M
 Large Page Support: Disabled
 NUMA Support: Disabled
 Compressed Oops: Enabled (32-bit)
 Heap Region Size: 1M
 Heap Min Capacity: 8M
 Heap Initial Capacity: 128M
 Heap Max Capacity: 2018M
 Pre-touch: Disabled
 Parallel Workers: 8
 Concurrent Workers: 2
 Concurrent Refinement Workers: 8
 Periodic GC: Disabled
Heap:
 garbage-first heap   total 131072K, used 47074K [0x0000000081e00000, 0x0000000100000000)
  region size 1024K, 30 young (30720K), 5 survivors (5120K)
 Metaspace       used 8877K, committed 9088K, reserved 1114112K
  class space    used 899K, committed 1024K, reserved 1048576K
GC Heap History (20 events):
Event: 1.621 GC heap before
{Heap before GC invocations=0 (full 0):
 garbage-first heap   total 131072K, used 24576K [0x0000000081e00000, 0x0000000100000000)
  region size 1024K, 23 young (23552K), 0 survivors (0K)
 Metaspace       used 7960K, committed 8192K, reserved 1114112K
  class space    used 867K, committed 960K, reserved 1048576K
}
Event: 1.627 GC heap after
{Heap after GC invocations=1 (full 0):
 garbage-first heap   total 131072K, used 6160K [0x0000000081e00000, 0x0000000100000000)
  region size 1024K, 3 young (3072K), 3 survivors (3072K)
 Metaspace       used 7960K, committed 8192K, reserved 1114112K
  class space    used 867K, committed 960K, reserved 1048576K
}
Event: 2.399 GC heap before
{Heap before GC invocations=1 (full 0):
 garbage-first heap   total 131072K, used 39952K [0x0000000081e00000, 0x0000000100000000)
  region size 1024K, 34 young (34816K), 3 survivors (3072K)
 Metaspace       used 8200K, committed 8512K, reserved 1114112K
  class space    used 889K, committed 1024K, reserved 1048576K
}
Event: 2.404 GC heap after
{Heap after GC invocations=2 (full 0):
 garbage-first heap   total 131072K, used 11050K [0x0000000081e00000, 0x0000000100000000)
  region size 1024K, 2 young (2048K), 2 survivors (2048K)
 Metaspace       used 8200K, committed 8512K, reserved 1114112K
  class space    used 889K, committed 1024K, reserved 1048576K
}
Event: 4.987 GC heap before
{Heap before GC invocations=2 (full 0):
 garbage-first heap   total 131072K, used 86826K [0x0000000081e00000, 0x0000000100000000)
  region size 1024K, 76 young (77824K), 2 survivors (2048K)
 Metaspace       used 8474K, committed 8768K, reserved 1114112K
  class space    used 889K, committed 1024K, reserved 1048576K
}
Event: 4.989 GC heap after
{Heap after GC invocations=3 (full 0):
 garbage-first heap   total 131072K, used 11050K [0x0000000081e00000, 0x0000000100000000)
  region size 1024K, 2 young (2048K), 2 survivors (2048K)
 Metaspace       used 8474K, committed 8768K, reserved 1114112K
  class space    used 889K, committed 1024K, reserved 1048576K
}
Event: 8.033 GC heap before
{Heap before GC invocations=3 (full 0):
 garbage-first heap   total 131072K, used 86826K [0x0000000081e00000, 0x0000000100000000)
  region size 1024K, 76 young (77824K), 2 survivors (2048K)
 Metaspace       used 8662K, committed 8960K, reserved 1114112K
  class space    used 890K, committed 1024K, reserved 1048576K
}
Event: 8.035 GC heap after
{Heap after GC invocations=4 (full 0):
 garbage-first heap   total 131072K, used 11093K [0x0000000081e00000, 0x0000000100000000)
  region size 1024K, 3 young (3072K), 3 survivors (3072K)
 Metaspace       used 8662K, committed 8960K, reserved 1114112K
  class space    used 890K, committed 1024K, reserved 1048576K
}
Event: 10.561 GC heap before
{Heap before GC invocations=4 (full 0):
 garbage-first heap   total 131072K, used 85845K [0x0000000081e00000, 0x0000000100000000)
  region size 1024K, 76 young (77824K), 3 survivors (3072K)
 Metaspace       used 8760K, committed 9024K, reserved 1114112K
  class space    used 892K, committed 1024K, reserved 1048576K
}
Event: 10.564 GC heap after
{Heap after GC invocations=5 (full 0):
 garbage-first heap   total 131072K, used 10979K [0x0000000081e00000, 0x0000000100000000)
  region size 1024K, 2 young (2048K), 2 survivors (2048K)
 Metaspace       used 8760K, committed 9024K, reserved 1114112K
  class space    used 892K, committed 1024K, reserved 1048576K
}
Event: 15.667 GC heap before
{Heap before GC invocations=5 (full 0):
 garbage-first heap   total 131072K, used 90851K [0x0000000081e00000, 0x0000000100000000)
  region size 1024K, 76 young (77824K), 2 survivors (2048K)
 Metaspace       used 8844K, committed 9088K, reserved 1114112K
  class space    used 899K, committed 1024K, reserved 1048576K
}
Event: 15.676 GC heap after
{Heap after GC invocations=6 (full 0):
 garbage-first heap   total 131072K, used 18218K [0x0000000081e00000, 0x0000000100000000)
  region size 1024K, 4 young (4096K), 4 survivors (4096K)
 Metaspace       used 8844K, committed 9088K, reserved 1114112K
  class space    used 899K, committed 1024K, reserved 1048576K
}
Event: 22.144 GC heap before
{Heap before GC invocations=6 (full 0):
 garbage-first heap   total 131072K, used 91946K [0x0000000081e00000, 0x0000000100000000)
  region size 1024K, 76 young (77824K), 4 survivors (4096K)
 Metaspace       used 8846K, committed 9088K, reserved 1114112K
  class space    used 899K, committed 1024K, reserved 1048576K
}
Event: 22.147 GC heap after
{Heap after GC invocations=7 (full 0):
 garbage-first heap   total 131072K, used 17342K [0x0000000081e00000, 0x0000000100000000)
  region size 1024K, 5 young (5120K), 5 survivors (5120K)
 Metaspace       used 8846K, committed 9088K, reserved 1114112K
  class space    used 899K, committed 1024K, reserved 1048576K
}
Event: 24.897 GC heap before
{Heap before GC invocations=7 (full 0):
 garbage-first heap   total 131072K, used 90046K [0x0000000081e00000, 0x0000000100000000)
  region size 1024K, 76 young (77824K), 5 survivors (5120K)
 Metaspace       used 8846K, committed 9088K, reserved 1114112K
  class space    used 899K, committed 1024K, reserved 1048576K
}
Event: 24.901 GC heap after
{Heap after GC invocations=8 (full 0):
 garbage-first heap   total 131072K, used 17451K [0x0000000081e00000, 0x0000000100000000)
  region size 1024K, 5 young (5120K), 5 survivors (5120K)
 Metaspace       used 8846K, committed 9088K, reserved 1114112K
  class space    used 899K, committed 1024K, reserved 1048576K
}
Event: 27.286 GC heap before
{Heap before GC invocations=8 (full 0):
 garbage-first heap   total 131072K, used 90155K [0x0000000081e00000, 0x0000000100000000)
  region size 1024K, 76 young (77824K), 5 survivors (5120K)
 Metaspace       used 8848K, committed 9088K, reserved 1114112K
  class space    used 899K, committed 1024K, reserved 1048576K
}
Event: 27.291 GC heap after
{Heap after GC invocations=9 (full 0):
 garbage-first heap   total 131072K, used 17552K [0x0000000081e00000, 0x0000000100000000)
  region size 1024K, 5 young (5120K), 5 survivors (5120K)
 Metaspace       used 8848K, committed 9088K, reserved 1114112K
  class space    used 899K, committed 1024K, reserved 1048576K
}
Event: 32.364 GC heap before
{Heap before GC invocations=9 (full 0):
 garbage-first heap   total 131072K, used 94352K [0x0000000081e00000, 0x0000000100000000)
  region size 1024K, 76 young (77824K), 5 survivors (5120K)
 Metaspace       used 8876K, committed 9088K, reserved 1114112K
  class space    used 899K, committed 1024K, reserved 1048576K
}
Event: 32.376 GC heap after
{Heap after GC invocations=10 (full 0):
 garbage-first heap   total 131072K, used 22498K [0x0000000081e00000, 0x0000000100000000)
  region size 1024K, 5 young (5120K), 5 survivors (5120K)
 Metaspace       used 8876K, committed 9088K, reserved 1114112K
  class space    used 899K, committed 1024K, reserved 1048576K
}

