# JRE version: Java(TM) SE Runtime Environment (19.0.1+10) (build 19.0.1+10-21)
# Java VM: Java HotSpot(TM) 64-Bit Server VM (19.0.1+10-21, mixed mode, sharing, tiered, compressed oops, compressed class ptrs, g1 gc, windows-amd64)
GC Precious Log:
 CardTable entry size: 512
 Card Set container configuration: InlinePtr #cards 5 size 8 Array Of Cards #cards 12 size 40 Howl #buckets 4 coarsen threshold 1843 Howl Bitmap #cards 512 size 80 coarsen threshold 460 Card regions per heap region 1 cards per card region 2048
 CPUs: 8 total, 8 available
 Memory: 8066M
 Large Page Support: Disabled
 NUMA Support: Disabled
 Compressed Oops: Enabled (32-bit)
 Heap Region Size: 1M
 Heap Min Capacity: 8M
 Heap Initial Capacity: 128M
 Heap Max Capacity: 2018M
 Pre-touch: Disabled
 Parallel Workers: 8
 Concurrent Workers: 2
 Concurrent Refinement Workers: 8
 Periodic GC: Disabled
Heap:
 garbage-first heap   total 131072K, used 23076K [0x0000000081e00000, 0x0000000100000000)
  region size 1024K, 6 young (6144K), 4 survivors (4096K)
 Metaspace       used 8954K, committed 9216K, reserved 1114112K
  class space    used 907K, committed 1024K, reserved 1048576K
GC Heap History (14 events):
Event: 5.611 GC heap before
{Heap before GC invocations=0 (full 0):
 garbage-first heap   total 131072K, used 24576K [0x0000000081e00000, 0x0000000100000000)
  region size 1024K, 23 young (23552K), 0 survivors (0K)
 Metaspace       used 7978K, committed 8192K, reserved 1114112K
  class space    used 869K, committed 960K, reserved 1048576K
}
Event: 5.624 GC heap after
{Heap after GC invocations=1 (full 0):
 garbage-first heap   total 131072K, used 5916K [0x0000000081e00000, 0x0000000100000000)
  region size 1024K, 3 young (3072K), 3 survivors (3072K)
 Metaspace       used 7978K, committed 8192K, reserved 1114112K
  class space    used 869K, committed 960K, reserved 1048576K
}
Event: 6.478 GC heap before
{Heap before GC invocations=1 (full 0):
 garbage-first heap   total 131072K, used 39708K [0x0000000081e00000, 0x0000000100000000)
  region size 1024K, 34 young (34816K), 3 survivors (3072K)
 Metaspace       used 8231K, committed 8512K, reserved 1114112K
  class space    used 891K, committed 1024K, reserved 1048576K
}
Event: 6.484 GC heap after
{Heap after GC invocations=2 (full 0):
 garbage-first heap   total 131072K, used 11061K [0x0000000081e00000, 0x0000000100000000)
  region size 1024K, 3 young (3072K), 3 survivors (3072K)
 Metaspace       used 8231K, committed 8512K, reserved 1114112K
  class space    used 891K, committed 1024K, reserved 1048576K
}
Event: 9.018 GC heap before
{Heap before GC invocations=2 (full 0):
 garbage-first heap   total 131072K, used 85813K [0x0000000081e00000, 0x0000000100000000)
  region size 1024K, 76 young (77824K), 3 survivors (3072K)
 Metaspace       used 8367K, committed 8640K, reserved 1114112K
  class space    used 895K, committed 1024K, reserved 1048576K
}
Event: 9.021 GC heap after
{Heap after GC invocations=3 (full 0):
 garbage-first heap   total 131072K, used 11045K [0x0000000081e00000, 0x0000000100000000)
  region size 1024K, 3 young (3072K), 3 survivors (3072K)
 Metaspace       used 8367K, committed 8640K, reserved 1114112K
  class space    used 895K, committed 1024K, reserved 1048576K
}
Event: 13.229 GC heap before
{Heap before GC invocations=3 (full 0):
 garbage-first heap   total 131072K, used 85797K [0x0000000081e00000, 0x0000000100000000)
  region size 1024K, 76 young (77824K), 3 survivors (3072K)
 Metaspace       used 8740K, committed 8960K, reserved 1114112K
  class space    used 896K, committed 1024K, reserved 1048576K
}
Event: 13.233 GC heap after
{Heap after GC invocations=4 (full 0):
 garbage-first heap   total 131072K, used 10843K [0x0000000081e00000, 0x0000000100000000)
  region size 1024K, 2 young (2048K), 2 survivors (2048K)
 Metaspace       used 8740K, committed 8960K, reserved 1114112K
  class space    used 896K, committed 1024K, reserved 1048576K
}
Event: 20.388 GC heap before
{Heap before GC invocations=4 (full 0):
 garbage-first heap   total 131072K, used 90715K [0x0000000081e00000, 0x0000000100000000)
  region size 1024K, 76 young (77824K), 2 survivors (2048K)
 Metaspace       used 8877K, committed 9152K, reserved 1114112K
  class space    used 904K, committed 1024K, reserved 1048576K
}
Event: 20.392 GC heap after
{Heap after GC invocations=5 (full 0):
 garbage-first heap   total 131072K, used 17936K [0x0000000081e00000, 0x0000000100000000)
  region size 1024K, 4 young (4096K), 4 survivors (4096K)
 Metaspace       used 8877K, committed 9152K, reserved 1114112K
  class space    used 904K, committed 1024K, reserved 1048576K
}
Event: 112.874 GC heap before
{Heap before GC invocations=5 (full 0):
 garbage-first heap   total 131072K, used 91664K [0x0000000081e00000, 0x0000000100000000)
  region size 1024K, 76 young (77824K), 4 survivors (4096K)
 Metaspace       used 8927K, committed 9216K, reserved 1114112K
  class space    used 906K, committed 1024K, reserved 1048576K
}
Event: 112.886 GC heap after
{Heap after GC invocations=6 (full 0):
 garbage-first heap   total 131072K, used 16749K [0x0000000081e00000, 0x0000000100000000)
  region size 1024K, 4 young (4096K), 4 survivors (4096K)
 Metaspace       used 8927K, committed 9216K, reserved 1114112K
  class space    used 906K, committed 1024K, reserved 1048576K
}
Event: 399.187 GC heap before
{Heap before GC invocations=6 (full 0):
 garbage-first heap   total 131072K, used 93549K [0x0000000081e00000, 0x0000000100000000)
  region size 1024K, 76 young (77824K), 4 survivors (4096K)
 Metaspace       used 8948K, committed 9216K, reserved 1114112K
  class space    used 907K, committed 1024K, reserved 1048576K
}
Event: 399.190 GC heap after
{Heap after GC invocations=7 (full 0):
 garbage-first heap   total 131072K, used 21028K [0x0000000081e00000, 0x0000000100000000)
  region size 1024K, 4 young (4096K), 4 survivors (4096K)
 Metaspace       used 8948K, committed 9216K, reserved 1114112K
  class space    used 907K, committed 1024K, reserved 1048576K
}

