# JRE version: Java(TM) SE Runtime Environment (19.0.1+10) (build 19.0.1+10-21)
# Java VM: Java HotSpot(TM) 64-Bit Server VM (19.0.1+10-21, mixed mode, sharing, tiered, compressed oops, compressed class ptrs, g1 gc, windows-amd64)
GC Precious Log:
 CardTable entry size: 512
 Card Set container configuration: InlinePtr #cards 5 size 8 Array Of Cards #cards 12 size 40 Howl #buckets 4 coarsen threshold 1843 Howl Bitmap #cards 512 size 80 coarsen threshold 460 Card regions per heap region 1 cards per card region 2048
 CPUs: 8 total, 8 available
 Memory: 8066M
 Large Page Support: Disabled
 NUMA Support: Disabled
 Compressed Oops: Enabled (32-bit)
 Heap Region Size: 1M
 Heap Min Capacity: 8M
 Heap Initial Capacity: 128M
 Heap Max Capacity: 2018M
 Pre-touch: Disabled
 Parallel Workers: 8
 Concurrent Workers: 2
 Concurrent Refinement Workers: 8
 Periodic GC: Disabled
Heap:
 garbage-first heap   total 131072K, used 23245K [0x0000000081e00000, 0x0000000100000000)
  region size 1024K, 6 young (6144K), 4 survivors (4096K)
 Metaspace       used 9065K, committed 9280K, reserved 1114112K
  class space    used 910K, committed 1024K, reserved 1048576K
GC Heap History (20 events):
Event: 1.767 GC heap before
{Heap before GC invocations=0 (full 0):
 garbage-first heap   total 131072K, used 24576K [0x0000000081e00000, 0x0000000100000000)
  region size 1024K, 23 young (23552K), 0 survivors (0K)
 Metaspace       used 7986K, committed 8192K, reserved 1114112K
  class space    used 870K, committed 960K, reserved 1048576K
}
Event: 1.773 GC heap after
{Heap after GC invocations=1 (full 0):
 garbage-first heap   total 131072K, used 5936K [0x0000000081e00000, 0x0000000100000000)
  region size 1024K, 3 young (3072K), 3 survivors (3072K)
 Metaspace       used 7986K, committed 8192K, reserved 1114112K
  class space    used 870K, committed 960K, reserved 1048576K
}
Event: 2.507 GC heap before
{Heap before GC invocations=1 (full 0):
 garbage-first heap   total 131072K, used 39728K [0x0000000081e00000, 0x0000000100000000)
  region size 1024K, 34 young (34816K), 3 survivors (3072K)
 Metaspace       used 8237K, committed 8512K, reserved 1114112K
  class space    used 890K, committed 1024K, reserved 1048576K
}
Event: 2.512 GC heap after
{Heap after GC invocations=2 (full 0):
 garbage-first heap   total 131072K, used 10957K [0x0000000081e00000, 0x0000000100000000)
  region size 1024K, 2 young (2048K), 2 survivors (2048K)
 Metaspace       used 8237K, committed 8512K, reserved 1114112K
  class space    used 890K, committed 1024K, reserved 1048576K
}
Event: 6.358 GC heap before
{Heap before GC invocations=2 (full 0):
 garbage-first heap   total 131072K, used 86733K [0x0000000081e00000, 0x0000000100000000)
  region size 1024K, 76 young (77824K), 2 survivors (2048K)
 Metaspace       used 8656K, committed 8896K, reserved 1114112K
  class space    used 895K, committed 1024K, reserved 1048576K
}
Event: 6.360 GC heap after
{Heap after GC invocations=3 (full 0):
 garbage-first heap   total 131072K, used 10843K [0x0000000081e00000, 0x0000000100000000)
  region size 1024K, 2 young (2048K), 2 survivors (2048K)
 Metaspace       used 8656K, committed 8896K, reserved 1114112K
  class space    used 895K, committed 1024K, reserved 1048576K
}
Event: 9.959 GC heap before
{Heap before GC invocations=3 (full 0):
 garbage-first heap   total 131072K, used 86619K [0x0000000081e00000, 0x0000000100000000)
  region size 1024K, 76 young (77824K), 2 survivors (2048K)
 Metaspace       used 8816K, committed 9088K, reserved 1114112K
  class space    used 895K, committed 1024K, reserved 1048576K
}
Event: 9.961 GC heap after
{Heap after GC invocations=4 (full 0):
 garbage-first heap   total 131072K, used 10778K [0x0000000081e00000, 0x0000000100000000)
  region size 1024K, 2 young (2048K), 2 survivors (2048K)
 Metaspace       used 8816K, committed 9088K, reserved 1114112K
  class space    used 895K, committed 1024K, reserved 1048576K
}
Event: 15.622 GC heap before
{Heap before GC invocations=4 (full 0):
 garbage-first heap   total 131072K, used 86554K [0x0000000081e00000, 0x0000000100000000)
  region size 1024K, 76 young (77824K), 2 survivors (2048K)
 Metaspace       used 8843K, committed 9152K, reserved 1114112K
  class space    used 895K, committed 1024K, reserved 1048576K
}
Event: 15.625 GC heap after
{Heap after GC invocations=5 (full 0):
 garbage-first heap   total 131072K, used 10547K [0x0000000081e00000, 0x0000000100000000)
  region size 1024K, 2 young (2048K), 2 survivors (2048K)
 Metaspace       used 8843K, committed 9152K, reserved 1114112K
  class space    used 895K, committed 1024K, reserved 1048576K
}
Event: 20.419 GC heap before
{Heap before GC invocations=5 (full 0):
 garbage-first heap   total 131072K, used 86323K [0x0000000081e00000, 0x0000000100000000)
  region size 1024K, 76 young (77824K), 2 survivors (2048K)
 Metaspace       used 8882K, committed 9152K, reserved 1114112K
  class space    used 900K, committed 1024K, reserved 1048576K
}
Event: 20.422 GC heap after
{Heap after GC invocations=6 (full 0):
 garbage-first heap   total 131072K, used 10930K [0x0000000081e00000, 0x0000000100000000)
  region size 1024K, 2 young (2048K), 2 survivors (2048K)
 Metaspace       used 8882K, committed 9152K, reserved 1114112K
  class space    used 900K, committed 1024K, reserved 1048576K
}
Event: 26.302 GC heap before
{Heap before GC invocations=6 (full 0):
 garbage-first heap   total 131072K, used 90802K [0x0000000081e00000, 0x0000000100000000)
  region size 1024K, 76 young (77824K), 2 survivors (2048K)
 Metaspace       used 8950K, committed 9216K, reserved 1114112K
  class space    used 907K, committed 1024K, reserved 1048576K
}
Event: 26.306 GC heap after
{Heap after GC invocations=7 (full 0):
 garbage-first heap   total 131072K, used 17972K [0x0000000081e00000, 0x0000000100000000)
  region size 1024K, 4 young (4096K), 4 survivors (4096K)
 Metaspace       used 8950K, committed 9216K, reserved 1114112K
  class space    used 907K, committed 1024K, reserved 1048576K
}
Event: 28.188 GC heap before
{Heap before GC invocations=7 (full 0):
 garbage-first heap   total 131072K, used 91700K [0x0000000081e00000, 0x0000000100000000)
  region size 1024K, 76 young (77824K), 4 survivors (4096K)
 Metaspace       used 8961K, committed 9216K, reserved 1114112K
  class space    used 907K, committed 1024K, reserved 1048576K
}
Event: 28.191 GC heap after
{Heap after GC invocations=8 (full 0):
 garbage-first heap   total 131072K, used 17101K [0x0000000081e00000, 0x0000000100000000)
  region size 1024K, 4 young (4096K), 4 survivors (4096K)
 Metaspace       used 8961K, committed 9216K, reserved 1114112K
  class space    used 907K, committed 1024K, reserved 1048576K
}
Event: 30.508 GC heap before
{Heap before GC invocations=8 (full 0):
 garbage-first heap   total 131072K, used 90829K [0x0000000081e00000, 0x0000000100000000)
  region size 1024K, 76 young (77824K), 4 survivors (4096K)
 Metaspace       used 8965K, committed 9216K, reserved 1114112K
  class space    used 907K, committed 1024K, reserved 1048576K
}
Event: 30.513 GC heap after
{Heap after GC invocations=9 (full 0):
 garbage-first heap   total 131072K, used 16903K [0x0000000081e00000, 0x0000000100000000)
  region size 1024K, 4 young (4096K), 4 survivors (4096K)
 Metaspace       used 8965K, committed 9216K, reserved 1114112K
  class space    used 907K, committed 1024K, reserved 1048576K
}
Event: 203.462 GC heap before
{Heap before GC invocations=9 (full 0):
 garbage-first heap   total 131072K, used 94727K [0x0000000081e00000, 0x0000000100000000)
  region size 1024K, 76 young (77824K), 4 survivors (4096K)
 Metaspace       used 9063K, committed 9280K, reserved 1114112K
  class space    used 910K, committed 1024K, reserved 1048576K
}
Event: 203.471 GC heap after
{Heap after GC invocations=10 (full 0):
 garbage-first heap   total 131072K, used 22221K [0x0000000081e00000, 0x0000000100000000)
  region size 1024K, 4 young (4096K), 4 survivors (4096K)
 Metaspace       used 9063K, committed 9280K, reserved 1114112K
  class space    used 910K, committed 1024K, reserved 1048576K
}

