# JRE version: Java(TM) SE Runtime Environment (19.0.1+10) (build 19.0.1+10-21)
# Java VM: Java HotSpot(TM) 64-Bit Server VM (19.0.1+10-21, mixed mode, sharing, tiered, compressed oops, compressed class ptrs, g1 gc, windows-amd64)
GC Precious Log:
 CardTable entry size: 512
 Card Set container configuration: InlinePtr #cards 5 size 8 Array Of Cards #cards 12 size 40 Howl #buckets 4 coarsen threshold 1843 Howl Bitmap #cards 512 size 80 coarsen threshold 460 Card regions per heap region 1 cards per card region 2048
 CPUs: 8 total, 8 available
 Memory: 8066M
 Large Page Support: Disabled
 NUMA Support: Disabled
 Compressed Oops: Enabled (32-bit)
 Heap Region Size: 1M
 Heap Min Capacity: 8M
 Heap Initial Capacity: 128M
 Heap Max Capacity: 2018M
 Pre-touch: Disabled
 Parallel Workers: 8
 Concurrent Workers: 2
 Concurrent Refinement Workers: 8
 Periodic GC: Disabled
Heap:
 garbage-first heap   total 131072K, used 28390K [0x0000000081e00000, 0x0000000100000000)
  region size 1024K, 5 young (5120K), 3 survivors (3072K)
 Metaspace       used 9023K, committed 9280K, reserved 1114112K
  class space    used 906K, committed 1024K, reserved 1048576K
GC Heap History (20 events):
Event: 27.692 GC heap before
{Heap before GC invocations=7 (full 0):
 garbage-first heap   total 131072K, used 91467K [0x0000000081e00000, 0x0000000100000000)
  region size 1024K, 76 young (77824K), 4 survivors (4096K)
 Metaspace       used 8931K, committed 9216K, reserved 1114112K
  class space    used 904K, committed 1024K, reserved 1048576K
}
Event: 27.695 GC heap after
{Heap after GC invocations=8 (full 0):
 garbage-first heap   total 131072K, used 16888K [0x0000000081e00000, 0x0000000100000000)
  region size 1024K, 4 young (4096K), 4 survivors (4096K)
 Metaspace       used 8931K, committed 9216K, reserved 1114112K
  class space    used 904K, committed 1024K, reserved 1048576K
}
Event: 31.041 GC heap before
{Heap before GC invocations=8 (full 0):
 garbage-first heap   total 131072K, used 90616K [0x0000000081e00000, 0x0000000100000000)
  region size 1024K, 76 young (77824K), 4 survivors (4096K)
 Metaspace       used 8941K, committed 9216K, reserved 1114112K
  class space    used 904K, committed 1024K, reserved 1048576K
}
Event: 31.043 GC heap after
{Heap after GC invocations=9 (full 0):
 garbage-first heap   total 131072K, used 16608K [0x0000000081e00000, 0x0000000100000000)
  region size 1024K, 4 young (4096K), 4 survivors (4096K)
 Metaspace       used 8941K, committed 9216K, reserved 1114112K
  class space    used 904K, committed 1024K, reserved 1048576K
}
Event: 34.830 GC heap before
{Heap before GC invocations=9 (full 0):
 garbage-first heap   total 131072K, used 90336K [0x0000000081e00000, 0x0000000100000000)
  region size 1024K, 76 young (77824K), 4 survivors (4096K)
 Metaspace       used 8954K, committed 9216K, reserved 1114112K
  class space    used 904K, committed 1024K, reserved 1048576K
}
Event: 34.833 GC heap after
{Heap after GC invocations=10 (full 0):
 garbage-first heap   total 131072K, used 16729K [0x0000000081e00000, 0x0000000100000000)
  region size 1024K, 4 young (4096K), 4 survivors (4096K)
 Metaspace       used 8954K, committed 9216K, reserved 1114112K
  class space    used 904K, committed 1024K, reserved 1048576K
}
Event: 36.933 GC heap before
{Heap before GC invocations=10 (full 0):
 garbage-first heap   total 131072K, used 90457K [0x0000000081e00000, 0x0000000100000000)
  region size 1024K, 76 young (77824K), 4 survivors (4096K)
 Metaspace       used 8955K, committed 9216K, reserved 1114112K
  class space    used 904K, committed 1024K, reserved 1048576K
}
Event: 36.936 GC heap after
{Heap after GC invocations=11 (full 0):
 garbage-first heap   total 131072K, used 16965K [0x0000000081e00000, 0x0000000100000000)
  region size 1024K, 4 young (4096K), 4 survivors (4096K)
 Metaspace       used 8955K, committed 9216K, reserved 1114112K
  class space    used 904K, committed 1024K, reserved 1048576K
}
Event: 38.903 GC heap before
{Heap before GC invocations=11 (full 0):
 garbage-first heap   total 131072K, used 90693K [0x0000000081e00000, 0x0000000100000000)
  region size 1024K, 76 young (77824K), 4 survivors (4096K)
 Metaspace       used 8959K, committed 9216K, reserved 1114112K
  class space    used 904K, committed 1024K, reserved 1048576K
}
Event: 38.906 GC heap after
{Heap after GC invocations=12 (full 0):
 garbage-first heap   total 131072K, used 17048K [0x0000000081e00000, 0x0000000100000000)
  region size 1024K, 5 young (5120K), 5 survivors (5120K)
 Metaspace       used 8959K, committed 9216K, reserved 1114112K
  class space    used 904K, committed 1024K, reserved 1048576K
}
Event: 40.969 GC heap before
{Heap before GC invocations=12 (full 0):
 garbage-first heap   total 131072K, used 89752K [0x0000000081e00000, 0x0000000100000000)
  region size 1024K, 76 young (77824K), 5 survivors (5120K)
 Metaspace       used 8959K, committed 9216K, reserved 1114112K
  class space    used 904K, committed 1024K, reserved 1048576K
}
Event: 40.973 GC heap after
{Heap after GC invocations=13 (full 0):
 garbage-first heap   total 131072K, used 16788K [0x0000000081e00000, 0x0000000100000000)
  region size 1024K, 4 young (4096K), 4 survivors (4096K)
 Metaspace       used 8959K, committed 9216K, reserved 1114112K
  class space    used 904K, committed 1024K, reserved 1048576K
}
Event: 42.911 GC heap before
{Heap before GC invocations=13 (full 0):
 garbage-first heap   total 131072K, used 90516K [0x0000000081e00000, 0x0000000100000000)
  region size 1024K, 76 young (77824K), 4 survivors (4096K)
 Metaspace       used 8959K, committed 9216K, reserved 1114112K
  class space    used 904K, committed 1024K, reserved 1048576K
}
Event: 42.914 GC heap after
{Heap after GC invocations=14 (full 0):
 garbage-first heap   total 131072K, used 16965K [0x0000000081e00000, 0x0000000100000000)
  region size 1024K, 4 young (4096K), 4 survivors (4096K)
 Metaspace       used 8959K, committed 9216K, reserved 1114112K
  class space    used 904K, committed 1024K, reserved 1048576K
}
Event: 44.956 GC heap before
{Heap before GC invocations=14 (full 0):
 garbage-first heap   total 131072K, used 90693K [0x0000000081e00000, 0x0000000100000000)
  region size 1024K, 76 young (77824K), 4 survivors (4096K)
 Metaspace       used 8961K, committed 9216K, reserved 1114112K
  class space    used 905K, committed 1024K, reserved 1048576K
}
Event: 44.960 GC heap after
{Heap after GC invocations=15 (full 0):
 garbage-first heap   total 131072K, used 16965K [0x0000000081e00000, 0x0000000100000000)
  region size 1024K, 4 young (4096K), 4 survivors (4096K)
 Metaspace       used 8961K, committed 9216K, reserved 1114112K
  class space    used 905K, committed 1024K, reserved 1048576K
}
Event: 47.288 GC heap before
{Heap before GC invocations=15 (full 0):
 garbage-first heap   total 131072K, used 90693K [0x0000000081e00000, 0x0000000100000000)
  region size 1024K, 76 young (77824K), 4 survivors (4096K)
 Metaspace       used 8961K, committed 9216K, reserved 1114112K
  class space    used 905K, committed 1024K, reserved 1048576K
}
Event: 47.291 GC heap after
{Heap after GC invocations=16 (full 0):
 garbage-first heap   total 131072K, used 16939K [0x0000000081e00000, 0x0000000100000000)
  region size 1024K, 4 young (4096K), 4 survivors (4096K)
 Metaspace       used 8961K, committed 9216K, reserved 1114112K
  class space    used 905K, committed 1024K, reserved 1048576K
}
Event: 50.674 GC heap before
{Heap before GC invocations=16 (full 0):
 garbage-first heap   total 131072K, used 98859K [0x0000000081e00000, 0x0000000100000000)
  region size 1024K, 76 young (77824K), 4 survivors (4096K)
 Metaspace       used 9020K, committed 9280K, reserved 1114112K
  class space    used 906K, committed 1024K, reserved 1048576K
}
Event: 50.678 GC heap after
{Heap after GC invocations=17 (full 0):
 garbage-first heap   total 131072K, used 26342K [0x0000000081e00000, 0x0000000100000000)
  region size 1024K, 3 young (3072K), 3 survivors (3072K)
 Metaspace       used 9020K, committed 9280K, reserved 1114112K
  class space    used 906K, committed 1024K, reserved 1048576K
}

