# JRE version: Java(TM) SE Runtime Environment (19.0.1+10) (build 19.0.1+10-21)
# Java VM: Java HotSpot(TM) 64-Bit Server VM (19.0.1+10-21, mixed mode, sharing, tiered, compressed oops, compressed class ptrs, g1 gc, windows-amd64)
GC Precious Log:
 CardTable entry size: 512
 Card Set container configuration: InlinePtr #cards 5 size 8 Array Of Cards #cards 12 size 40 Howl #buckets 4 coarsen threshold 1843 Howl Bitmap #cards 512 size 80 coarsen threshold 460 Card regions per heap region 1 cards per card region 2048
 CPUs: 8 total, 8 available
 Memory: 8066M
 Large Page Support: Disabled
 NUMA Support: Disabled
 Compressed Oops: Enabled (32-bit)
 Heap Region Size: 1M
 Heap Min Capacity: 8M
 Heap Initial Capacity: 128M
 Heap Max Capacity: 2018M
 Pre-touch: Disabled
 Parallel Workers: 8
 Concurrent Workers: 2
 Concurrent Refinement Workers: 8
 Periodic GC: Disabled
Heap:
 garbage-first heap   total 131072K, used 55965K [0x0000000081e00000, 0x0000000100000000)
  region size 1024K, 39 young (39936K), 5 survivors (5120K)
 Metaspace       used 8839K, committed 9088K, reserved 1114112K
  class space    used 897K, committed 1024K, reserved 1048576K
GC Heap History (16 events):
Event: 1.422 GC heap before
{Heap before GC invocations=0 (full 0):
 garbage-first heap   total 131072K, used 24576K [0x0000000081e00000, 0x0000000100000000)
  region size 1024K, 23 young (23552K), 0 survivors (0K)
 Metaspace       used 7990K, committed 8256K, reserved 1114112K
  class space    used 869K, committed 960K, reserved 1048576K
}
Event: 1.428 GC heap after
{Heap after GC invocations=1 (full 0):
 garbage-first heap   total 131072K, used 5892K [0x0000000081e00000, 0x0000000100000000)
  region size 1024K, 3 young (3072K), 3 survivors (3072K)
 Metaspace       used 7990K, committed 8256K, reserved 1114112K
  class space    used 869K, committed 960K, reserved 1048576K
}
Event: 2.174 GC heap before
{Heap before GC invocations=1 (full 0):
 garbage-first heap   total 131072K, used 39684K [0x0000000081e00000, 0x0000000100000000)
  region size 1024K, 34 young (34816K), 3 survivors (3072K)
 Metaspace       used 8207K, committed 8512K, reserved 1114112K
  class space    used 888K, committed 1024K, reserved 1048576K
}
Event: 2.182 GC heap after
{Heap after GC invocations=2 (full 0):
 garbage-first heap   total 131072K, used 10842K [0x0000000081e00000, 0x0000000100000000)
  region size 1024K, 3 young (3072K), 3 survivors (3072K)
 Metaspace       used 8207K, committed 8512K, reserved 1114112K
  class space    used 888K, committed 1024K, reserved 1048576K
}
Event: 4.614 GC heap before
{Heap before GC invocations=2 (full 0):
 garbage-first heap   total 131072K, used 85594K [0x0000000081e00000, 0x0000000100000000)
  region size 1024K, 76 young (77824K), 3 survivors (3072K)
 Metaspace       used 8551K, committed 8768K, reserved 1114112K
  class space    used 889K, committed 1024K, reserved 1048576K
}
Event: 4.616 GC heap after
{Heap after GC invocations=3 (full 0):
 garbage-first heap   total 131072K, used 10726K [0x0000000081e00000, 0x0000000100000000)
  region size 1024K, 2 young (2048K), 2 survivors (2048K)
 Metaspace       used 8551K, committed 8768K, reserved 1114112K
  class space    used 889K, committed 1024K, reserved 1048576K
}
Event: 7.049 GC heap before
{Heap before GC invocations=3 (full 0):
 garbage-first heap   total 131072K, used 86502K [0x0000000081e00000, 0x0000000100000000)
  region size 1024K, 76 young (77824K), 2 survivors (2048K)
 Metaspace       used 8708K, committed 9024K, reserved 1114112K
  class space    used 889K, committed 1024K, reserved 1048576K
}
Event: 7.051 GC heap after
{Heap after GC invocations=4 (full 0):
 garbage-first heap   total 131072K, used 10814K [0x0000000081e00000, 0x0000000100000000)
  region size 1024K, 3 young (3072K), 3 survivors (3072K)
 Metaspace       used 8708K, committed 9024K, reserved 1114112K
  class space    used 889K, committed 1024K, reserved 1048576K
}
Event: 9.418 GC heap before
{Heap before GC invocations=4 (full 0):
 garbage-first heap   total 131072K, used 88638K [0x0000000081e00000, 0x0000000100000000)
  region size 1024K, 76 young (77824K), 3 survivors (3072K)
 Metaspace       used 8769K, committed 9024K, reserved 1114112K
  class space    used 893K, committed 1024K, reserved 1048576K
}
Event: 9.420 GC heap after
{Heap after GC invocations=5 (full 0):
 garbage-first heap   total 131072K, used 16275K [0x0000000081e00000, 0x0000000100000000)
  region size 1024K, 4 young (4096K), 4 survivors (4096K)
 Metaspace       used 8769K, committed 9024K, reserved 1114112K
  class space    used 893K, committed 1024K, reserved 1048576K
}
Event: 13.607 GC heap before
{Heap before GC invocations=5 (full 0):
 garbage-first heap   total 131072K, used 90003K [0x0000000081e00000, 0x0000000100000000)
  region size 1024K, 76 young (77824K), 4 survivors (4096K)
 Metaspace       used 8813K, committed 9088K, reserved 1114112K
  class space    used 897K, committed 1024K, reserved 1048576K
}
Event: 13.610 GC heap after
{Heap after GC invocations=6 (full 0):
 garbage-first heap   total 131072K, used 17958K [0x0000000081e00000, 0x0000000100000000)
  region size 1024K, 5 young (5120K), 5 survivors (5120K)
 Metaspace       used 8813K, committed 9088K, reserved 1114112K
  class space    used 897K, committed 1024K, reserved 1048576K
}
Event: 15.976 GC heap before
{Heap before GC invocations=6 (full 0):
 garbage-first heap   total 131072K, used 90662K [0x0000000081e00000, 0x0000000100000000)
  region size 1024K, 76 young (77824K), 5 survivors (5120K)
 Metaspace       used 8813K, committed 9088K, reserved 1114112K
  class space    used 897K, committed 1024K, reserved 1048576K
}
Event: 15.979 GC heap after
{Heap after GC invocations=7 (full 0):
 garbage-first heap   total 131072K, used 17035K [0x0000000081e00000, 0x0000000100000000)
  region size 1024K, 5 young (5120K), 5 survivors (5120K)
 Metaspace       used 8813K, committed 9088K, reserved 1114112K
  class space    used 897K, committed 1024K, reserved 1048576K
}
Event: 18.938 GC heap before
{Heap before GC invocations=7 (full 0):
 garbage-first heap   total 131072K, used 93835K [0x0000000081e00000, 0x0000000100000000)
  region size 1024K, 76 young (77824K), 5 survivors (5120K)
 Metaspace       used 8837K, committed 9088K, reserved 1114112K
  class space    used 897K, committed 1024K, reserved 1048576K
}
Event: 18.941 GC heap after
{Heap after GC invocations=8 (full 0):
 garbage-first heap   total 131072K, used 22173K [0x0000000081e00000, 0x0000000100000000)
  region size 1024K, 5 young (5120K), 5 survivors (5120K)
 Metaspace       used 8837K, committed 9088K, reserved 1114112K
  class space    used 897K, committed 1024K, reserved 1048576K
}

