# JRE version: Java(TM) SE Runtime Environment (19.0.1+10) (build 19.0.1+10-21)
# Java VM: Java HotSpot(TM) 64-Bit Server VM (19.0.1+10-21, mixed mode, sharing, tiered, compressed oops, compressed class ptrs, g1 gc, windows-amd64)
GC Precious Log:
 CardTable entry size: 512
 Card Set container configuration: InlinePtr #cards 5 size 8 Array Of Cards #cards 12 size 40 Howl #buckets 4 coarsen threshold 1843 Howl Bitmap #cards 512 size 80 coarsen threshold 460 Card regions per heap region 1 cards per card region 2048
 CPUs: 8 total, 8 available
 Memory: 8066M
 Large Page Support: Disabled
 NUMA Support: Disabled
 Compressed Oops: Enabled (32-bit)
 Heap Region Size: 1M
 Heap Min Capacity: 8M
 Heap Initial Capacity: 128M
 Heap Max Capacity: 2018M
 Pre-touch: Disabled
 Parallel Workers: 8
 Concurrent Workers: 2
 Concurrent Refinement Workers: 8
 Periodic GC: Disabled
Heap:
 garbage-first heap   total 131072K, used 51776K [0x0000000081e00000, 0x0000000100000000)
  region size 1024K, 34 young (34816K), 4 survivors (4096K)
 Metaspace       used 9047K, committed 9280K, reserved 1114112K
  class space    used 917K, committed 1024K, reserved 1048576K
GC Heap History (16 events):
Event: 1.832 GC heap before
{Heap before GC invocations=0 (full 0):
 garbage-first heap   total 131072K, used 24576K [0x0000000081e00000, 0x0000000100000000)
  region size 1024K, 23 young (23552K), 0 survivors (0K)
 Metaspace       used 7983K, committed 8192K, reserved 1114112K
  class space    used 870K, committed 960K, reserved 1048576K
}
Event: 1.839 GC heap after
{Heap after GC invocations=1 (full 0):
 garbage-first heap   total 131072K, used 5776K [0x0000000081e00000, 0x0000000100000000)
  region size 1024K, 3 young (3072K), 3 survivors (3072K)
 Metaspace       used 7983K, committed 8192K, reserved 1114112K
  class space    used 870K, committed 960K, reserved 1048576K
}
Event: 2.656 GC heap before
{Heap before GC invocations=1 (full 0):
 garbage-first heap   total 131072K, used 39568K [0x0000000081e00000, 0x0000000100000000)
  region size 1024K, 34 young (34816K), 3 survivors (3072K)
 Metaspace       used 8250K, committed 8512K, reserved 1114112K
  class space    used 889K, committed 1024K, reserved 1048576K
}
Event: 2.661 GC heap after
{Heap after GC invocations=2 (full 0):
 garbage-first heap   total 131072K, used 10769K [0x0000000081e00000, 0x0000000100000000)
  region size 1024K, 2 young (2048K), 2 survivors (2048K)
 Metaspace       used 8250K, committed 8512K, reserved 1114112K
  class space    used 889K, committed 1024K, reserved 1048576K
}
Event: 5.634 GC heap before
{Heap before GC invocations=2 (full 0):
 garbage-first heap   total 131072K, used 86545K [0x0000000081e00000, 0x0000000100000000)
  region size 1024K, 76 young (77824K), 2 survivors (2048K)
 Metaspace       used 8617K, committed 8896K, reserved 1114112K
  class space    used 893K, committed 1024K, reserved 1048576K
}
Event: 5.639 GC heap after
{Heap after GC invocations=3 (full 0):
 garbage-first heap   total 131072K, used 10826K [0x0000000081e00000, 0x0000000100000000)
  region size 1024K, 2 young (2048K), 2 survivors (2048K)
 Metaspace       used 8617K, committed 8896K, reserved 1114112K
  class space    used 893K, committed 1024K, reserved 1048576K
}
Event: 24.273 GC heap before
{Heap before GC invocations=3 (full 0):
 garbage-first heap   total 131072K, used 90698K [0x0000000081e00000, 0x0000000100000000)
  region size 1024K, 76 young (77824K), 2 survivors (2048K)
 Metaspace       used 8863K, committed 9152K, reserved 1114112K
  class space    used 903K, committed 1024K, reserved 1048576K
}
Event: 24.277 GC heap after
{Heap after GC invocations=4 (full 0):
 garbage-first heap   total 131072K, used 17853K [0x0000000081e00000, 0x0000000100000000)
  region size 1024K, 4 young (4096K), 4 survivors (4096K)
 Metaspace       used 8863K, committed 9152K, reserved 1114112K
  class space    used 903K, committed 1024K, reserved 1048576K
}
Event: 40.050 GC heap before
{Heap before GC invocations=4 (full 0):
 garbage-first heap   total 131072K, used 91581K [0x0000000081e00000, 0x0000000100000000)
  region size 1024K, 76 young (77824K), 4 survivors (4096K)
 Metaspace       used 8926K, committed 9216K, reserved 1114112K
  class space    used 905K, committed 1024K, reserved 1048576K
}
Event: 40.053 GC heap after
{Heap after GC invocations=5 (full 0):
 garbage-first heap   total 131072K, used 16673K [0x0000000081e00000, 0x0000000100000000)
  region size 1024K, 4 young (4096K), 4 survivors (4096K)
 Metaspace       used 8926K, committed 9216K, reserved 1114112K
  class space    used 905K, committed 1024K, reserved 1048576K
}
Event: 43.645 GC heap before
{Heap before GC invocations=5 (full 0):
 garbage-first heap   total 131072K, used 90401K [0x0000000081e00000, 0x0000000100000000)
  region size 1024K, 76 young (77824K), 4 survivors (4096K)
 Metaspace       used 8949K, committed 9216K, reserved 1114112K
  class space    used 905K, committed 1024K, reserved 1048576K
}
Event: 43.648 GC heap after
{Heap after GC invocations=6 (full 0):
 garbage-first heap   total 131072K, used 16546K [0x0000000081e00000, 0x0000000100000000)
  region size 1024K, 4 young (4096K), 4 survivors (4096K)
 Metaspace       used 8949K, committed 9216K, reserved 1114112K
  class space    used 905K, committed 1024K, reserved 1048576K
}
Event: 307.712 GC heap before
{Heap before GC invocations=6 (full 0):
 garbage-first heap   total 131072K, used 90274K [0x0000000081e00000, 0x0000000100000000)
  region size 1024K, 76 young (77824K), 4 survivors (4096K)
 Metaspace       used 9014K, committed 9216K, reserved 1114112K
  class space    used 916K, committed 1024K, reserved 1048576K
}
Event: 307.715 GC heap after
{Heap after GC invocations=7 (full 0):
 garbage-first heap   total 131072K, used 16537K [0x0000000081e00000, 0x0000000100000000)
  region size 1024K, 4 young (4096K), 4 survivors (4096K)
 Metaspace       used 9014K, committed 9216K, reserved 1114112K
  class space    used 916K, committed 1024K, reserved 1048576K
}
Event: 483.290 GC heap before
{Heap before GC invocations=7 (full 0):
 garbage-first heap   total 131072K, used 94361K [0x0000000081e00000, 0x0000000100000000)
  region size 1024K, 76 young (77824K), 4 survivors (4096K)
 Metaspace       used 9045K, committed 9280K, reserved 1114112K
  class space    used 917K, committed 1024K, reserved 1048576K
}
Event: 483.297 GC heap after
{Heap after GC invocations=8 (full 0):
 garbage-first heap   total 131072K, used 22080K [0x0000000081e00000, 0x0000000100000000)
  region size 1024K, 4 young (4096K), 4 survivors (4096K)
 Metaspace       used 9045K, committed 9280K, reserved 1114112K
  class space    used 917K, committed 1024K, reserved 1048576K
}

