# JRE version: Java(TM) SE Runtime Environment (19.0.1+10) (build 19.0.1+10-21)
# Java VM: Java HotSpot(TM) 64-Bit Server VM (19.0.1+10-21, mixed mode, sharing, tiered, compressed oops, compressed class ptrs, g1 gc, windows-amd64)
GC Precious Log:
 CardTable entry size: 512
 Card Set container configuration: InlinePtr #cards 5 size 8 Array Of Cards #cards 12 size 40 Howl #buckets 4 coarsen threshold 1843 Howl Bitmap #cards 512 size 80 coarsen threshold 460 Card regions per heap region 1 cards per card region 2048
 CPUs: 8 total, 8 available
 Memory: 8066M
 Large Page Support: Disabled
 NUMA Support: Disabled
 Compressed Oops: Enabled (32-bit)
 Heap Region Size: 1M
 Heap Min Capacity: 8M
 Heap Initial Capacity: 128M
 Heap Max Capacity: 2018M
 Pre-touch: Disabled
 Parallel Workers: 8
 Concurrent Workers: 2
 Concurrent Refinement Workers: 8
 Periodic GC: Disabled
Heap:
 garbage-first heap   total 131072K, used 62360K [0x0000000081e00000, 0x0000000100000000)
  region size 1024K, 45 young (46080K), 4 survivors (4096K)
 Metaspace       used 8882K, committed 9088K, reserved 1114112K
  class space    used 899K, committed 960K, reserved 1048576K
GC Heap History (18 events):
Event: 1.128 GC heap before
{Heap before GC invocations=0 (full 0):
 garbage-first heap   total 131072K, used 24576K [0x0000000081e00000, 0x0000000100000000)
  region size 1024K, 23 young (23552K), 0 survivors (0K)
 Metaspace       used 7882K, committed 8128K, reserved 1114112K
  class space    used 859K, committed 960K, reserved 1048576K
}
Event: 1.133 GC heap after
{Heap after GC invocations=1 (full 0):
 garbage-first heap   total 131072K, used 5358K [0x0000000081e00000, 0x0000000100000000)
  region size 1024K, 3 young (3072K), 3 survivors (3072K)
 Metaspace       used 7882K, committed 8128K, reserved 1114112K
  class space    used 859K, committed 960K, reserved 1048576K
}
Event: 1.639 GC heap before
{Heap before GC invocations=1 (full 0):
 garbage-first heap   total 131072K, used 40174K [0x0000000081e00000, 0x0000000100000000)
  region size 1024K, 35 young (35840K), 3 survivors (3072K)
 Metaspace       used 8077K, committed 8320K, reserved 1114112K
  class space    used 871K, committed 960K, reserved 1048576K
}
Event: 1.653 GC heap after
{Heap after GC invocations=2 (full 0):
 garbage-first heap   total 131072K, used 10346K [0x0000000081e00000, 0x0000000100000000)
  region size 1024K, 3 young (3072K), 3 survivors (3072K)
 Metaspace       used 8077K, committed 8320K, reserved 1114112K
  class space    used 871K, committed 960K, reserved 1048576K
}
Event: 11.004 GC heap before
{Heap before GC invocations=2 (full 0):
 garbage-first heap   total 131072K, used 85098K [0x0000000081e00000, 0x0000000100000000)
  region size 1024K, 76 young (77824K), 3 survivors (3072K)
 Metaspace       used 8432K, committed 8640K, reserved 1114112K
  class space    used 883K, committed 960K, reserved 1048576K
}
Event: 11.006 GC heap after
{Heap after GC invocations=3 (full 0):
 garbage-first heap   total 131072K, used 10143K [0x0000000081e00000, 0x0000000100000000)
  region size 1024K, 2 young (2048K), 2 survivors (2048K)
 Metaspace       used 8432K, committed 8640K, reserved 1114112K
  class space    used 883K, committed 960K, reserved 1048576K
}
Event: 14.409 GC heap before
{Heap before GC invocations=3 (full 0):
 garbage-first heap   total 131072K, used 85919K [0x0000000081e00000, 0x0000000100000000)
  region size 1024K, 76 young (77824K), 2 survivors (2048K)
 Metaspace       used 8669K, committed 8896K, reserved 1114112K
  class space    used 883K, committed 960K, reserved 1048576K
}
Event: 14.414 GC heap after
{Heap after GC invocations=4 (full 0):
 garbage-first heap   total 131072K, used 10048K [0x0000000081e00000, 0x0000000100000000)
  region size 1024K, 2 young (2048K), 2 survivors (2048K)
 Metaspace       used 8669K, committed 8896K, reserved 1114112K
  class space    used 883K, committed 960K, reserved 1048576K
}
Event: 17.976 GC heap before
{Heap before GC invocations=4 (full 0):
 garbage-first heap   total 131072K, used 85824K [0x0000000081e00000, 0x0000000100000000)
  region size 1024K, 76 young (77824K), 2 survivors (2048K)
 Metaspace       used 8695K, committed 8896K, reserved 1114112K
  class space    used 887K, committed 960K, reserved 1048576K
}
Event: 17.982 GC heap after
{Heap after GC invocations=5 (full 0):
 garbage-first heap   total 131072K, used 9834K [0x0000000081e00000, 0x0000000100000000)
  region size 1024K, 2 young (2048K), 2 survivors (2048K)
 Metaspace       used 8695K, committed 8896K, reserved 1114112K
  class space    used 887K, committed 960K, reserved 1048576K
}
Event: 21.293 GC heap before
{Heap before GC invocations=5 (full 0):
 garbage-first heap   total 131072K, used 85610K [0x0000000081e00000, 0x0000000100000000)
  region size 1024K, 76 young (77824K), 2 survivors (2048K)
 Metaspace       used 8709K, committed 8896K, reserved 1114112K
  class space    used 888K, committed 960K, reserved 1048576K
}
Event: 21.299 GC heap after
{Heap after GC invocations=6 (full 0):
 garbage-first heap   total 131072K, used 10075K [0x0000000081e00000, 0x0000000100000000)
  region size 1024K, 2 young (2048K), 2 survivors (2048K)
 Metaspace       used 8709K, committed 8896K, reserved 1114112K
  class space    used 888K, committed 960K, reserved 1048576K
}
Event: 25.421 GC heap before
{Heap before GC invocations=6 (full 0):
 garbage-first heap   total 131072K, used 85851K [0x0000000081e00000, 0x0000000100000000)
  region size 1024K, 76 young (77824K), 2 survivors (2048K)
 Metaspace       used 8764K, committed 8960K, reserved 1114112K
  class space    used 888K, committed 960K, reserved 1048576K
}
Event: 25.427 GC heap after
{Heap after GC invocations=7 (full 0):
 garbage-first heap   total 131072K, used 9838K [0x0000000081e00000, 0x0000000100000000)
  region size 1024K, 2 young (2048K), 2 survivors (2048K)
 Metaspace       used 8764K, committed 8960K, reserved 1114112K
  class space    used 888K, committed 960K, reserved 1048576K
}
Event: 220.656 GC heap before
{Heap before GC invocations=7 (full 0):
 garbage-first heap   total 131072K, used 89710K [0x0000000081e00000, 0x0000000100000000)
  region size 1024K, 76 young (77824K), 2 survivors (2048K)
 Metaspace       used 8799K, committed 9024K, reserved 1114112K
  class space    used 889K, committed 960K, reserved 1048576K
}
Event: 220.664 GC heap after
{Heap after GC invocations=8 (full 0):
 garbage-first heap   total 131072K, used 17219K [0x0000000081e00000, 0x0000000100000000)
  region size 1024K, 4 young (4096K), 4 survivors (4096K)
 Metaspace       used 8799K, committed 9024K, reserved 1114112K
  class space    used 889K, committed 960K, reserved 1048576K
}
Event: 425.223 GC heap before
{Heap before GC invocations=8 (full 0):
 garbage-first heap   total 131072K, used 95043K [0x0000000081e00000, 0x0000000100000000)
  region size 1024K, 76 young (77824K), 4 survivors (4096K)
 Metaspace       used 8880K, committed 9088K, reserved 1114112K
  class space    used 899K, committed 960K, reserved 1048576K
}
Event: 425.227 GC heap after
{Heap after GC invocations=9 (full 0):
 garbage-first heap   total 131072K, used 21400K [0x0000000081e00000, 0x0000000100000000)
  region size 1024K, 4 young (4096K), 4 survivors (4096K)
 Metaspace       used 8880K, committed 9088K, reserved 1114112K
  class space    used 899K, committed 960K, reserved 1048576K
}

